{"C:\\Users\\paart\\OneDrive\\Desktop\\FULL STACK WEB PROJECT LAB\\EXP-4_CALENDAR\\src\\App.jsx": {"path":"C:\\Users\\paart\\OneDrive\\Desktop\\FULL STACK WEB PROJECT LAB\\EXP-4_CALENDAR\\src\\App.jsx","all":false,"statementMap":{"0":{"start":{"line":1,"column":0},"end":{"line":1,"column":89}},"1":{"start":{"line":2,"column":0},"end":{"line":2,"column":45}},"2":{"start":{"line":3,"column":0},"end":{"line":3,"column":55}},"3":{"start":{"line":4,"column":0},"end":{"line":4,"column":55}},"4":{"start":{"line":5,"column":0},"end":{"line":5,"column":49}},"5":{"start":{"line":6,"column":0},"end":{"line":6,"column":69}},"6":{"start":{"line":7,"column":0},"end":{"line":7,"column":46}},"9":{"start":{"line":10,"column":0},"end":{"line":10,"column":83}},"11":{"start":{"line":12,"column":0},"end":{"line":12,"column":23}},"12":{"start":{"line":13,"column":0},"end":{"line":13,"column":83}},"13":{"start":{"line":14,"column":0},"end":{"line":14,"column":78}},"14":{"start":{"line":15,"column":0},"end":{"line":15,"column":79}},"15":{"start":{"line":16,"column":0},"end":{"line":16,"column":84}},"16":{"start":{"line":17,"column":0},"end":{"line":17,"column":85}},"17":{"start":{"line":18,"column":0},"end":{"line":18,"column":79}},"18":{"start":{"line":19,"column":0},"end":{"line":19,"column":83}},"19":{"start":{"line":20,"column":0},"end":{"line":20,"column":86}},"20":{"start":{"line":21,"column":0},"end":{"line":21,"column":2}},"22":{"start":{"line":23,"column":0},"end":{"line":23,"column":63}},"24":{"start":{"line":25,"column":0},"end":{"line":25,"column":31}},"25":{"start":{"line":26,"column":0},"end":{"line":26,"column":54}},"26":{"start":{"line":27,"column":0},"end":{"line":27,"column":51}},"27":{"start":{"line":28,"column":0},"end":{"line":28,"column":59}},"28":{"start":{"line":29,"column":0},"end":{"line":29,"column":51}},"29":{"start":{"line":30,"column":0},"end":{"line":30,"column":51}},"30":{"start":{"line":31,"column":0},"end":{"line":31,"column":56}},"31":{"start":{"line":32,"column":0},"end":{"line":32,"column":34}},"32":{"start":{"line":33,"column":0},"end":{"line":33,"column":51}},"33":{"start":{"line":34,"column":0},"end":{"line":34,"column":58}},"34":{"start":{"line":35,"column":0},"end":{"line":35,"column":41}},"35":{"start":{"line":36,"column":0},"end":{"line":36,"column":54}},"36":{"start":{"line":37,"column":0},"end":{"line":37,"column":52}},"37":{"start":{"line":38,"column":0},"end":{"line":38,"column":65}},"38":{"start":{"line":39,"column":0},"end":{"line":39,"column":56}},"39":{"start":{"line":40,"column":0},"end":{"line":40,"column":52}},"42":{"start":{"line":43,"column":0},"end":{"line":43,"column":19}},"43":{"start":{"line":44,"column":0},"end":{"line":44,"column":27}},"44":{"start":{"line":45,"column":0},"end":{"line":45,"column":74}},"45":{"start":{"line":46,"column":0},"end":{"line":46,"column":38}},"46":{"start":{"line":47,"column":0},"end":{"line":47,"column":18}},"48":{"start":{"line":49,"column":0},"end":{"line":49,"column":19}},"49":{"start":{"line":50,"column":0},"end":{"line":50,"column":23}},"50":{"start":{"line":51,"column":0},"end":{"line":51,"column":55}},"51":{"start":{"line":52,"column":0},"end":{"line":52,"column":37}},"52":{"start":{"line":53,"column":0},"end":{"line":53,"column":14}},"55":{"start":{"line":56,"column":0},"end":{"line":56,"column":40}},"56":{"start":{"line":57,"column":0},"end":{"line":57,"column":46}},"57":{"start":{"line":58,"column":0},"end":{"line":58,"column":65}},"58":{"start":{"line":59,"column":0},"end":{"line":59,"column":29}},"61":{"start":{"line":62,"column":0},"end":{"line":62,"column":57}},"62":{"start":{"line":63,"column":0},"end":{"line":63,"column":26}},"63":{"start":{"line":64,"column":0},"end":{"line":64,"column":28}},"64":{"start":{"line":65,"column":0},"end":{"line":65,"column":67}},"65":{"start":{"line":66,"column":0},"end":{"line":66,"column":7}},"66":{"start":{"line":67,"column":0},"end":{"line":67,"column":6}},"67":{"start":{"line":68,"column":0},"end":{"line":68,"column":41}},"68":{"start":{"line":69,"column":0},"end":{"line":69,"column":9}},"70":{"start":{"line":71,"column":0},"end":{"line":71,"column":52}},"71":{"start":{"line":72,"column":0},"end":{"line":72,"column":26}},"72":{"start":{"line":73,"column":0},"end":{"line":73,"column":9}},"74":{"start":{"line":75,"column":0},"end":{"line":75,"column":49}},"75":{"start":{"line":76,"column":0},"end":{"line":76,"column":60}},"76":{"start":{"line":77,"column":0},"end":{"line":77,"column":23}},"77":{"start":{"line":78,"column":0},"end":{"line":78,"column":29}},"79":{"start":{"line":80,"column":0},"end":{"line":80,"column":66}},"81":{"start":{"line":82,"column":0},"end":{"line":82,"column":43}},"82":{"start":{"line":83,"column":0},"end":{"line":83,"column":24}},"83":{"start":{"line":84,"column":0},"end":{"line":84,"column":38}},"84":{"start":{"line":85,"column":0},"end":{"line":85,"column":9}},"87":{"start":{"line":88,"column":0},"end":{"line":88,"column":41}},"88":{"start":{"line":89,"column":0},"end":{"line":89,"column":23}},"89":{"start":{"line":90,"column":0},"end":{"line":90,"column":9}},"90":{"start":{"line":91,"column":0},"end":{"line":91,"column":55}},"91":{"start":{"line":92,"column":0},"end":{"line":92,"column":22}},"92":{"start":{"line":93,"column":0},"end":{"line":93,"column":26}},"93":{"start":{"line":94,"column":0},"end":{"line":94,"column":53}},"94":{"start":{"line":95,"column":0},"end":{"line":95,"column":15}},"95":{"start":{"line":96,"column":0},"end":{"line":96,"column":26}},"96":{"start":{"line":97,"column":0},"end":{"line":97,"column":5}},"97":{"start":{"line":98,"column":0},"end":{"line":98,"column":4}},"100":{"start":{"line":101,"column":0},"end":{"line":101,"column":43}},"101":{"start":{"line":102,"column":0},"end":{"line":102,"column":28}},"102":{"start":{"line":103,"column":0},"end":{"line":103,"column":65}},"103":{"start":{"line":104,"column":0},"end":{"line":104,"column":19}},"104":{"start":{"line":105,"column":0},"end":{"line":105,"column":77}},"105":{"start":{"line":106,"column":0},"end":{"line":106,"column":7}},"106":{"start":{"line":107,"column":0},"end":{"line":107,"column":38}},"107":{"start":{"line":108,"column":0},"end":{"line":108,"column":7}},"108":{"start":{"line":109,"column":0},"end":{"line":109,"column":26}},"109":{"start":{"line":110,"column":0},"end":{"line":110,"column":30}},"110":{"start":{"line":111,"column":0},"end":{"line":111,"column":43}},"111":{"start":{"line":112,"column":0},"end":{"line":112,"column":4}},"113":{"start":{"line":114,"column":0},"end":{"line":114,"column":42}},"114":{"start":{"line":115,"column":0},"end":{"line":115,"column":68}},"115":{"start":{"line":116,"column":0},"end":{"line":116,"column":26}},"116":{"start":{"line":117,"column":0},"end":{"line":117,"column":30}},"117":{"start":{"line":118,"column":0},"end":{"line":118,"column":30}},"118":{"start":{"line":119,"column":0},"end":{"line":119,"column":4}},"120":{"start":{"line":121,"column":0},"end":{"line":121,"column":36}},"121":{"start":{"line":122,"column":0},"end":{"line":122,"column":30}},"122":{"start":{"line":123,"column":0},"end":{"line":123,"column":25}},"123":{"start":{"line":124,"column":0},"end":{"line":124,"column":4}},"125":{"start":{"line":126,"column":0},"end":{"line":126,"column":42}},"126":{"start":{"line":127,"column":0},"end":{"line":127,"column":31}},"127":{"start":{"line":128,"column":0},"end":{"line":128,"column":25}},"128":{"start":{"line":129,"column":0},"end":{"line":129,"column":4}},"130":{"start":{"line":131,"column":0},"end":{"line":131,"column":37}},"131":{"start":{"line":132,"column":0},"end":{"line":132,"column":62}},"132":{"start":{"line":133,"column":0},"end":{"line":133,"column":4}},"135":{"start":{"line":136,"column":0},"end":{"line":136,"column":35}},"136":{"start":{"line":137,"column":0},"end":{"line":137,"column":72}},"137":{"start":{"line":138,"column":0},"end":{"line":138,"column":42}},"138":{"start":{"line":139,"column":0},"end":{"line":139,"column":13}},"139":{"start":{"line":140,"column":0},"end":{"line":140,"column":19}},"140":{"start":{"line":141,"column":0},"end":{"line":141,"column":30}},"141":{"start":{"line":142,"column":0},"end":{"line":142,"column":6}},"143":{"start":{"line":144,"column":0},"end":{"line":144,"column":10}},"144":{"start":{"line":145,"column":0},"end":{"line":145,"column":32}},"145":{"start":{"line":146,"column":0},"end":{"line":146,"column":45}},"146":{"start":{"line":147,"column":0},"end":{"line":147,"column":45}},"148":{"start":{"line":149,"column":0},"end":{"line":149,"column":33}},"149":{"start":{"line":150,"column":0},"end":{"line":150,"column":37}},"150":{"start":{"line":151,"column":0},"end":{"line":151,"column":74}},"151":{"start":{"line":152,"column":0},"end":{"line":152,"column":39}},"152":{"start":{"line":153,"column":0},"end":{"line":153,"column":34}},"154":{"start":{"line":155,"column":0},"end":{"line":155,"column":14}},"155":{"start":{"line":156,"column":0},"end":{"line":156,"column":14}},"156":{"start":{"line":157,"column":0},"end":{"line":157,"column":40}},"157":{"start":{"line":158,"column":0},"end":{"line":158,"column":18}},"158":{"start":{"line":159,"column":0},"end":{"line":159,"column":26}},"159":{"start":{"line":160,"column":0},"end":{"line":160,"column":38}},"160":{"start":{"line":161,"column":0},"end":{"line":161,"column":46}},"161":{"start":{"line":162,"column":0},"end":{"line":162,"column":65}},"162":{"start":{"line":163,"column":0},"end":{"line":163,"column":11}},"164":{"start":{"line":165,"column":0},"end":{"line":165,"column":19}},"165":{"start":{"line":166,"column":0},"end":{"line":166,"column":18}},"166":{"start":{"line":167,"column":0},"end":{"line":167,"column":26}},"167":{"start":{"line":168,"column":0},"end":{"line":168,"column":38}},"168":{"start":{"line":169,"column":0},"end":{"line":169,"column":47}},"169":{"start":{"line":170,"column":0},"end":{"line":170,"column":75}},"170":{"start":{"line":171,"column":0},"end":{"line":171,"column":11}},"172":{"start":{"line":173,"column":0},"end":{"line":173,"column":19}},"173":{"start":{"line":174,"column":0},"end":{"line":174,"column":17}},"174":{"start":{"line":175,"column":0},"end":{"line":175,"column":25}},"175":{"start":{"line":176,"column":0},"end":{"line":176,"column":37}},"176":{"start":{"line":177,"column":0},"end":{"line":177,"column":40}},"177":{"start":{"line":178,"column":0},"end":{"line":178,"column":44}},"178":{"start":{"line":179,"column":0},"end":{"line":179,"column":11}},"180":{"start":{"line":181,"column":0},"end":{"line":181,"column":19}},"181":{"start":{"line":182,"column":0},"end":{"line":182,"column":14}},"182":{"start":{"line":183,"column":0},"end":{"line":183,"column":15}},"184":{"start":{"line":185,"column":0},"end":{"line":185,"column":41}},"185":{"start":{"line":186,"column":0},"end":{"line":186,"column":37}},"186":{"start":{"line":187,"column":0},"end":{"line":187,"column":17}},"187":{"start":{"line":188,"column":0},"end":{"line":188,"column":31}},"188":{"start":{"line":189,"column":0},"end":{"line":189,"column":35}},"189":{"start":{"line":190,"column":0},"end":{"line":190,"column":39}},"190":{"start":{"line":191,"column":0},"end":{"line":191,"column":85}},"191":{"start":{"line":192,"column":0},"end":{"line":192,"column":12}},"192":{"start":{"line":193,"column":0},"end":{"line":193,"column":17}},"193":{"start":{"line":194,"column":0},"end":{"line":194,"column":35}},"194":{"start":{"line":195,"column":0},"end":{"line":195,"column":39}},"195":{"start":{"line":196,"column":0},"end":{"line":196,"column":44}},"196":{"start":{"line":197,"column":0},"end":{"line":197,"column":87}},"197":{"start":{"line":198,"column":0},"end":{"line":198,"column":12}},"198":{"start":{"line":199,"column":0},"end":{"line":199,"column":17}},"199":{"start":{"line":200,"column":0},"end":{"line":200,"column":31}},"200":{"start":{"line":201,"column":0},"end":{"line":201,"column":35}},"201":{"start":{"line":202,"column":0},"end":{"line":202,"column":45}},"202":{"start":{"line":203,"column":0},"end":{"line":203,"column":92}},"203":{"start":{"line":204,"column":0},"end":{"line":204,"column":12}},"204":{"start":{"line":205,"column":0},"end":{"line":205,"column":14}},"206":{"start":{"line":207,"column":0},"end":{"line":207,"column":40}},"207":{"start":{"line":208,"column":0},"end":{"line":208,"column":39}},"208":{"start":{"line":209,"column":0},"end":{"line":209,"column":19}},"209":{"start":{"line":210,"column":0},"end":{"line":210,"column":33}},"210":{"start":{"line":211,"column":0},"end":{"line":211,"column":37}},"211":{"start":{"line":212,"column":0},"end":{"line":212,"column":32}},"212":{"start":{"line":213,"column":0},"end":{"line":213,"column":95}},"213":{"start":{"line":214,"column":0},"end":{"line":214,"column":14}},"214":{"start":{"line":215,"column":0},"end":{"line":215,"column":41}},"215":{"start":{"line":216,"column":0},"end":{"line":216,"column":19}},"216":{"start":{"line":217,"column":0},"end":{"line":217,"column":35}},"217":{"start":{"line":218,"column":0},"end":{"line":218,"column":39}},"218":{"start":{"line":219,"column":0},"end":{"line":219,"column":102}},"219":{"start":{"line":220,"column":0},"end":{"line":220,"column":148}},"220":{"start":{"line":221,"column":0},"end":{"line":221,"column":14}},"221":{"start":{"line":222,"column":0},"end":{"line":222,"column":16}},"222":{"start":{"line":223,"column":0},"end":{"line":223,"column":43}},"223":{"start":{"line":224,"column":0},"end":{"line":224,"column":20}},"224":{"start":{"line":225,"column":0},"end":{"line":225,"column":36}},"225":{"start":{"line":226,"column":0},"end":{"line":226,"column":41}},"226":{"start":{"line":227,"column":0},"end":{"line":227,"column":34}},"227":{"start":{"line":228,"column":0},"end":{"line":228,"column":57}},"229":{"start":{"line":230,"column":0},"end":{"line":230,"column":60}},"230":{"start":{"line":231,"column":0},"end":{"line":231,"column":21}},"231":{"start":{"line":232,"column":0},"end":{"line":232,"column":66}},"233":{"start":{"line":234,"column":0},"end":{"line":234,"column":21}},"234":{"start":{"line":235,"column":0},"end":{"line":235,"column":16}},"235":{"start":{"line":236,"column":0},"end":{"line":236,"column":14}},"236":{"start":{"line":237,"column":0},"end":{"line":237,"column":16}},"238":{"start":{"line":239,"column":0},"end":{"line":239,"column":37}},"239":{"start":{"line":240,"column":0},"end":{"line":240,"column":39}},"240":{"start":{"line":241,"column":0},"end":{"line":241,"column":43}},"241":{"start":{"line":242,"column":0},"end":{"line":242,"column":56}},"242":{"start":{"line":243,"column":0},"end":{"line":243,"column":44}},"243":{"start":{"line":244,"column":0},"end":{"line":244,"column":21}},"244":{"start":{"line":245,"column":0},"end":{"line":245,"column":29}},"245":{"start":{"line":246,"column":0},"end":{"line":246,"column":95}},"246":{"start":{"line":247,"column":0},"end":{"line":247,"column":58}},"247":{"start":{"line":248,"column":0},"end":{"line":248,"column":15}},"249":{"start":{"line":250,"column":0},"end":{"line":250,"column":23}},"250":{"start":{"line":251,"column":0},"end":{"line":251,"column":21}},"251":{"start":{"line":252,"column":0},"end":{"line":252,"column":29}},"252":{"start":{"line":253,"column":0},"end":{"line":253,"column":97}},"253":{"start":{"line":254,"column":0},"end":{"line":254,"column":59}},"254":{"start":{"line":255,"column":0},"end":{"line":255,"column":15}},"256":{"start":{"line":257,"column":0},"end":{"line":257,"column":23}},"257":{"start":{"line":258,"column":0},"end":{"line":258,"column":21}},"258":{"start":{"line":259,"column":0},"end":{"line":259,"column":29}},"259":{"start":{"line":260,"column":0},"end":{"line":260,"column":91}},"260":{"start":{"line":261,"column":0},"end":{"line":261,"column":56}},"261":{"start":{"line":262,"column":0},"end":{"line":262,"column":15}},"263":{"start":{"line":264,"column":0},"end":{"line":264,"column":23}},"264":{"start":{"line":265,"column":0},"end":{"line":265,"column":21}},"265":{"start":{"line":266,"column":0},"end":{"line":266,"column":29}},"266":{"start":{"line":267,"column":0},"end":{"line":267,"column":97}},"267":{"start":{"line":268,"column":0},"end":{"line":268,"column":59}},"268":{"start":{"line":269,"column":0},"end":{"line":269,"column":15}},"270":{"start":{"line":271,"column":0},"end":{"line":271,"column":23}},"271":{"start":{"line":272,"column":0},"end":{"line":272,"column":18}},"273":{"start":{"line":274,"column":0},"end":{"line":274,"column":19}},"274":{"start":{"line":275,"column":0},"end":{"line":275,"column":35}},"275":{"start":{"line":276,"column":0},"end":{"line":276,"column":52}},"276":{"start":{"line":277,"column":0},"end":{"line":277,"column":34}},"277":{"start":{"line":278,"column":0},"end":{"line":278,"column":63}},"279":{"start":{"line":280,"column":0},"end":{"line":280,"column":53}},"280":{"start":{"line":281,"column":0},"end":{"line":281,"column":54}},"281":{"start":{"line":282,"column":0},"end":{"line":282,"column":56}},"282":{"start":{"line":283,"column":0},"end":{"line":283,"column":50}},"283":{"start":{"line":284,"column":0},"end":{"line":284,"column":56}},"284":{"start":{"line":285,"column":0},"end":{"line":285,"column":21}},"285":{"start":{"line":286,"column":0},"end":{"line":286,"column":16}},"287":{"start":{"line":288,"column":0},"end":{"line":288,"column":19}},"288":{"start":{"line":289,"column":0},"end":{"line":289,"column":129}},"289":{"start":{"line":290,"column":0},"end":{"line":290,"column":35}},"290":{"start":{"line":291,"column":0},"end":{"line":291,"column":43}},"291":{"start":{"line":292,"column":0},"end":{"line":292,"column":84}},"292":{"start":{"line":293,"column":0},"end":{"line":293,"column":106}},"293":{"start":{"line":294,"column":0},"end":{"line":294,"column":80}},"294":{"start":{"line":295,"column":0},"end":{"line":295,"column":33}},"295":{"start":{"line":296,"column":0},"end":{"line":296,"column":23}},"296":{"start":{"line":297,"column":0},"end":{"line":297,"column":37}},"297":{"start":{"line":298,"column":0},"end":{"line":298,"column":45}},"298":{"start":{"line":299,"column":0},"end":{"line":299,"column":12}},"299":{"start":{"line":300,"column":0},"end":{"line":300,"column":14}},"301":{"start":{"line":302,"column":0},"end":{"line":302,"column":22}},"302":{"start":{"line":303,"column":0},"end":{"line":303,"column":25}},"303":{"start":{"line":304,"column":0},"end":{"line":304,"column":33}},"304":{"start":{"line":305,"column":0},"end":{"line":305,"column":10}},"305":{"start":{"line":306,"column":0},"end":{"line":306,"column":16}},"308":{"start":{"line":309,"column":0},"end":{"line":309,"column":22}},"309":{"start":{"line":310,"column":0},"end":{"line":310,"column":104}},"310":{"start":{"line":311,"column":0},"end":{"line":311,"column":30}},"311":{"start":{"line":312,"column":0},"end":{"line":312,"column":33}},"312":{"start":{"line":313,"column":0},"end":{"line":313,"column":39}},"313":{"start":{"line":314,"column":0},"end":{"line":314,"column":48}},"314":{"start":{"line":315,"column":0},"end":{"line":315,"column":12}},"315":{"start":{"line":316,"column":0},"end":{"line":316,"column":19}},"319":{"start":{"line":320,"column":0},"end":{"line":320,"column":21}},"320":{"start":{"line":321,"column":0},"end":{"line":321,"column":61}},"324":{"start":{"line":325,"column":0},"end":{"line":325,"column":23}},"325":{"start":{"line":326,"column":0},"end":{"line":326,"column":19}},"326":{"start":{"line":327,"column":0},"end":{"line":327,"column":34}},"327":{"start":{"line":328,"column":0},"end":{"line":328,"column":34}},"328":{"start":{"line":329,"column":0},"end":{"line":329,"column":38}},"329":{"start":{"line":330,"column":0},"end":{"line":330,"column":26}},"330":{"start":{"line":331,"column":0},"end":{"line":331,"column":34}},"331":{"start":{"line":332,"column":0},"end":{"line":332,"column":38}},"332":{"start":{"line":333,"column":0},"end":{"line":333,"column":12}},"333":{"start":{"line":334,"column":0},"end":{"line":334,"column":10}},"336":{"start":{"line":337,"column":0},"end":{"line":337,"column":17}},"337":{"start":{"line":338,"column":0},"end":{"line":338,"column":45}},"338":{"start":{"line":339,"column":0},"end":{"line":339,"column":47}},"339":{"start":{"line":340,"column":0},"end":{"line":340,"column":30}},"340":{"start":{"line":341,"column":0},"end":{"line":341,"column":14}},"342":{"start":{"line":343,"column":0},"end":{"line":343,"column":11}},"344":{"start":{"line":345,"column":0},"end":{"line":345,"column":1}},"346":{"start":{"line":347,"column":0},"end":{"line":347,"column":60}},"347":{"start":{"line":348,"column":0},"end":{"line":348,"column":10}},"348":{"start":{"line":349,"column":0},"end":{"line":349,"column":34}},"349":{"start":{"line":350,"column":0},"end":{"line":350,"column":13}},"350":{"start":{"line":351,"column":0},"end":{"line":351,"column":21}},"351":{"start":{"line":352,"column":0},"end":{"line":352,"column":21}},"352":{"start":{"line":353,"column":0},"end":{"line":353,"column":30}},"353":{"start":{"line":354,"column":0},"end":{"line":354,"column":51}},"354":{"start":{"line":355,"column":0},"end":{"line":355,"column":42}},"356":{"start":{"line":357,"column":0},"end":{"line":357,"column":16}},"357":{"start":{"line":358,"column":0},"end":{"line":358,"column":15}},"358":{"start":{"line":359,"column":0},"end":{"line":359,"column":36}},"359":{"start":{"line":360,"column":0},"end":{"line":360,"column":22}},"360":{"start":{"line":361,"column":0},"end":{"line":361,"column":36}},"361":{"start":{"line":362,"column":0},"end":{"line":362,"column":13}},"362":{"start":{"line":363,"column":0},"end":{"line":363,"column":12}},"364":{"start":{"line":365,"column":0},"end":{"line":365,"column":1}}},"s":{"0":1,"1":1,"2":1,"3":1,"4":1,"5":1,"6":1,"9":1,"11":1,"12":1,"13":1,"14":1,"15":1,"16":1,"17":1,"18":1,"19":1,"20":1,"22":1,"24":22,"25":22,"26":22,"27":22,"28":22,"29":22,"30":22,"31":22,"32":22,"33":22,"34":22,"35":22,"36":22,"37":22,"38":22,"39":22,"42":22,"43":10,"44":10,"45":10,"46":22,"48":22,"49":13,"50":3,"51":3,"52":22,"55":22,"56":13,"57":1,"58":22,"61":22,"62":0,"63":0,"64":0,"65":0,"66":0,"67":0,"68":22,"70":22,"71":1,"72":22,"74":22,"75":1,"76":1,"77":22,"79":22,"81":22,"82":1,"83":1,"84":22,"87":22,"88":1,"89":1,"90":1,"91":1,"92":1,"93":1,"94":1,"95":1,"96":1,"97":1,"100":22,"101":1,"102":1,"103":1,"104":0,"105":0,"106":1,"107":1,"108":1,"109":1,"110":1,"111":1,"113":22,"114":0,"115":0,"116":0,"117":0,"118":0,"120":22,"121":1,"122":1,"123":1,"125":22,"126":0,"127":0,"128":0,"130":22,"131":0,"132":0,"135":22,"136":22,"137":22,"138":177,"139":177,"140":177,"141":22,"143":22,"144":22,"145":22,"146":22,"148":22,"149":22,"150":22,"151":22,"152":22,"154":22,"155":22,"156":22,"157":22,"158":22,"159":22,"160":22,"161":22,"162":22,"164":22,"165":22,"166":22,"167":22,"168":22,"169":22,"170":22,"172":22,"173":22,"174":22,"175":22,"176":22,"177":22,"178":22,"180":22,"181":22,"182":22,"184":22,"185":22,"186":22,"187":22,"188":22,"189":22,"190":22,"191":22,"192":22,"193":22,"194":22,"195":22,"196":22,"197":22,"198":22,"199":22,"200":22,"201":22,"202":22,"203":22,"204":22,"206":22,"207":22,"208":22,"209":22,"210":22,"211":22,"212":22,"213":22,"214":22,"215":22,"216":22,"217":22,"218":22,"219":22,"220":22,"221":22,"222":22,"223":22,"224":22,"225":22,"226":22,"227":22,"229":22,"230":22,"231":22,"233":22,"234":22,"235":22,"236":22,"238":22,"239":22,"240":22,"241":22,"242":22,"243":22,"244":22,"245":22,"246":22,"247":22,"249":22,"250":22,"251":22,"252":22,"253":22,"254":22,"256":22,"257":22,"258":22,"259":22,"260":22,"261":22,"263":22,"264":22,"265":22,"266":22,"267":22,"268":22,"270":22,"271":22,"273":22,"274":22,"275":22,"276":22,"277":22,"279":22,"280":22,"281":22,"282":22,"283":22,"284":22,"285":22,"287":22,"288":22,"289":22,"290":22,"291":22,"292":22,"293":22,"294":22,"295":22,"296":22,"297":22,"298":22,"299":22,"301":22,"302":22,"303":22,"304":22,"305":22,"308":22,"309":1,"310":1,"311":1,"312":1,"313":1,"314":1,"315":1,"319":22,"320":1,"324":22,"325":2,"326":2,"327":2,"328":2,"329":2,"330":0,"331":0,"332":0,"333":2,"336":22,"337":3,"338":3,"339":3,"340":3,"342":22,"344":22,"346":105,"347":105,"348":105,"349":105,"350":105,"351":105,"352":105,"353":105,"354":105,"356":105,"357":105,"358":105,"359":105,"360":105,"361":105,"362":105,"364":105},"branchMap":{"0":{"type":"branch","line":10,"loc":{"start":{"line":10,"column":33},"end":{"line":10,"column":83}},"locations":[{"start":{"line":10,"column":33},"end":{"line":10,"column":83}}]},"1":{"type":"branch","line":25,"loc":{"start":{"line":25,"column":0},"end":{"line":345,"column":1}},"locations":[{"start":{"line":25,"column":0},"end":{"line":345,"column":1}}]},"2":{"type":"branch","line":219,"loc":{"start":{"line":219,"column":21},"end":{"line":219,"column":71}},"locations":[{"start":{"line":219,"column":21},"end":{"line":219,"column":71}}]},"3":{"type":"branch","line":219,"loc":{"start":{"line":219,"column":35},"end":{"line":219,"column":102}},"locations":[{"start":{"line":219,"column":35},"end":{"line":219,"column":102}}]},"4":{"type":"branch","line":220,"loc":{"start":{"line":220,"column":27},"end":{"line":220,"column":100}},"locations":[{"start":{"line":220,"column":27},"end":{"line":220,"column":100}}]},"5":{"type":"branch","line":220,"loc":{"start":{"line":220,"column":41},"end":{"line":220,"column":148}},"locations":[{"start":{"line":220,"column":41},"end":{"line":220,"column":148}}]},"6":{"type":"branch","line":230,"loc":{"start":{"line":230,"column":15},"end":{"line":230,"column":42}},"locations":[{"start":{"line":230,"column":15},"end":{"line":230,"column":42}}]},"7":{"type":"branch","line":230,"loc":{"start":{"line":230,"column":27},"end":{"line":230,"column":60}},"locations":[{"start":{"line":230,"column":27},"end":{"line":230,"column":60}}]},"8":{"type":"branch","line":246,"loc":{"start":{"line":246,"column":67},"end":{"line":246,"column":90}},"locations":[{"start":{"line":246,"column":67},"end":{"line":246,"column":90}}]},"9":{"type":"branch","line":253,"loc":{"start":{"line":253,"column":68},"end":{"line":253,"column":92}},"locations":[{"start":{"line":253,"column":68},"end":{"line":253,"column":92}}]},"10":{"type":"branch","line":253,"loc":{"start":{"line":253,"column":81},"end":{"line":253,"column":94}},"locations":[{"start":{"line":253,"column":81},"end":{"line":253,"column":94}}]},"11":{"type":"branch","line":260,"loc":{"start":{"line":260,"column":65},"end":{"line":260,"column":86}},"locations":[{"start":{"line":260,"column":65},"end":{"line":260,"column":86}}]},"12":{"type":"branch","line":267,"loc":{"start":{"line":267,"column":68},"end":{"line":267,"column":92}},"locations":[{"start":{"line":267,"column":68},"end":{"line":267,"column":92}}]},"13":{"type":"branch","line":289,"loc":{"start":{"line":289,"column":32},"end":{"line":289,"column":129}},"locations":[{"start":{"line":289,"column":32},"end":{"line":289,"column":129}}]},"14":{"type":"branch","line":292,"loc":{"start":{"line":292,"column":41},"end":{"line":292,"column":84}},"locations":[{"start":{"line":292,"column":41},"end":{"line":292,"column":84}}]},"15":{"type":"branch","line":293,"loc":{"start":{"line":293,"column":36},"end":{"line":293,"column":106}},"locations":[{"start":{"line":293,"column":36},"end":{"line":293,"column":106}}]},"16":{"type":"branch","line":294,"loc":{"start":{"line":294,"column":39},"end":{"line":294,"column":80}},"locations":[{"start":{"line":294,"column":39},"end":{"line":294,"column":80}}]},"17":{"type":"branch","line":309,"loc":{"start":{"line":309,"column":7},"end":{"line":316,"column":19}},"locations":[{"start":{"line":309,"column":7},"end":{"line":316,"column":19}}]},"18":{"type":"branch","line":320,"loc":{"start":{"line":320,"column":7},"end":{"line":321,"column":61}},"locations":[{"start":{"line":320,"column":7},"end":{"line":321,"column":61}}]},"19":{"type":"branch","line":325,"loc":{"start":{"line":325,"column":7},"end":{"line":334,"column":10}},"locations":[{"start":{"line":325,"column":7},"end":{"line":334,"column":10}}]},"20":{"type":"branch","line":337,"loc":{"start":{"line":337,"column":7},"end":{"line":341,"column":14}},"locations":[{"start":{"line":337,"column":7},"end":{"line":341,"column":14}}]},"21":{"type":"branch","line":43,"loc":{"start":{"line":43,"column":12},"end":{"line":47,"column":5}},"locations":[{"start":{"line":43,"column":12},"end":{"line":47,"column":5}}]},"22":{"type":"branch","line":44,"loc":{"start":{"line":44,"column":20},"end":{"line":44,"column":27}},"locations":[{"start":{"line":44,"column":20},"end":{"line":44,"column":27}}]},"23":{"type":"branch","line":45,"loc":{"start":{"line":45,"column":30},"end":{"line":45,"column":69}},"locations":[{"start":{"line":45,"column":30},"end":{"line":45,"column":69}}]},"24":{"type":"branch","line":45,"loc":{"start":{"line":45,"column":44},"end":{"line":45,"column":66}},"locations":[{"start":{"line":45,"column":44},"end":{"line":45,"column":66}}]},"25":{"type":"branch","line":46,"loc":{"start":{"line":46,"column":11},"end":{"line":46,"column":38}},"locations":[{"start":{"line":46,"column":11},"end":{"line":46,"column":38}}]},"26":{"type":"branch","line":49,"loc":{"start":{"line":49,"column":12},"end":{"line":53,"column":5}},"locations":[{"start":{"line":49,"column":12},"end":{"line":53,"column":5}}]},"27":{"type":"branch","line":50,"loc":{"start":{"line":50,"column":16},"end":{"line":50,"column":23}},"locations":[{"start":{"line":50,"column":16},"end":{"line":50,"column":23}}]},"28":{"type":"branch","line":50,"loc":{"start":{"line":50,"column":16},"end":{"line":52,"column":37}},"locations":[{"start":{"line":50,"column":16},"end":{"line":52,"column":37}}]},"29":{"type":"branch","line":52,"loc":{"start":{"line":52,"column":11},"end":{"line":52,"column":37}},"locations":[{"start":{"line":52,"column":11},"end":{"line":52,"column":37}}]},"30":{"type":"branch","line":56,"loc":{"start":{"line":56,"column":33},"end":{"line":59,"column":5}},"locations":[{"start":{"line":56,"column":33},"end":{"line":59,"column":5}}]},"31":{"type":"branch","line":57,"loc":{"start":{"line":57,"column":32},"end":{"line":57,"column":46}},"locations":[{"start":{"line":57,"column":32},"end":{"line":57,"column":46}}]},"32":{"type":"branch","line":57,"loc":{"start":{"line":57,"column":39},"end":{"line":58,"column":65}},"locations":[{"start":{"line":57,"column":39},"end":{"line":58,"column":65}}]},"33":{"type":"branch","line":58,"loc":{"start":{"line":58,"column":25},"end":{"line":58,"column":63}},"locations":[{"start":{"line":58,"column":25},"end":{"line":58,"column":63}}]},"34":{"type":"branch","line":71,"loc":{"start":{"line":71,"column":38},"end":{"line":73,"column":5}},"locations":[{"start":{"line":71,"column":38},"end":{"line":73,"column":5}}]},"35":{"type":"branch","line":75,"loc":{"start":{"line":75,"column":33},"end":{"line":78,"column":5}},"locations":[{"start":{"line":75,"column":33},"end":{"line":78,"column":5}}]},"36":{"type":"branch","line":76,"loc":{"start":{"line":76,"column":28},"end":{"line":76,"column":60}},"locations":[{"start":{"line":76,"column":28},"end":{"line":76,"column":60}}]},"37":{"type":"branch","line":82,"loc":{"start":{"line":82,"column":36},"end":{"line":85,"column":5}},"locations":[{"start":{"line":82,"column":36},"end":{"line":85,"column":5}}]},"38":{"type":"branch","line":88,"loc":{"start":{"line":88,"column":28},"end":{"line":98,"column":4}},"locations":[{"start":{"line":88,"column":28},"end":{"line":98,"column":4}}]},"39":{"type":"branch","line":101,"loc":{"start":{"line":101,"column":26},"end":{"line":112,"column":4}},"locations":[{"start":{"line":101,"column":26},"end":{"line":112,"column":4}}]},"40":{"type":"branch","line":102,"loc":{"start":{"line":102,"column":14},"end":{"line":108,"column":5}},"locations":[{"start":{"line":102,"column":14},"end":{"line":108,"column":5}}]},"41":{"type":"branch","line":104,"loc":{"start":{"line":104,"column":18},"end":{"line":106,"column":7}},"locations":[{"start":{"line":104,"column":18},"end":{"line":106,"column":7}}]},"42":{"type":"branch","line":103,"loc":{"start":{"line":103,"column":34},"end":{"line":103,"column":63}},"locations":[{"start":{"line":103,"column":34},"end":{"line":103,"column":63}}]},"43":{"type":"branch","line":121,"loc":{"start":{"line":121,"column":29},"end":{"line":124,"column":4}},"locations":[{"start":{"line":121,"column":29},"end":{"line":124,"column":4}}]},"44":{"type":"branch","line":137,"loc":{"start":{"line":137,"column":52},"end":{"line":137,"column":69}},"locations":[{"start":{"line":137,"column":52},"end":{"line":137,"column":69}}]},"45":{"type":"branch","line":138,"loc":{"start":{"line":138,"column":33},"end":{"line":142,"column":4}},"locations":[{"start":{"line":138,"column":33},"end":{"line":142,"column":4}}]},"46":{"type":"branch","line":141,"loc":{"start":{"line":141,"column":24},"end":{"line":141,"column":30}},"locations":[{"start":{"line":141,"column":24},"end":{"line":141,"column":30}}]},"47":{"type":"branch","line":161,"loc":{"start":{"line":161,"column":21},"end":{"line":161,"column":46}},"locations":[{"start":{"line":161,"column":21},"end":{"line":161,"column":46}}]},"48":{"type":"branch","line":169,"loc":{"start":{"line":169,"column":21},"end":{"line":169,"column":47}},"locations":[{"start":{"line":169,"column":21},"end":{"line":169,"column":47}}]},"49":{"type":"branch","line":278,"loc":{"start":{"line":278,"column":24},"end":{"line":278,"column":63}},"locations":[{"start":{"line":278,"column":24},"end":{"line":278,"column":63}}]},"50":{"type":"branch","line":347,"loc":{"start":{"line":347,"column":0},"end":{"line":365,"column":1}},"locations":[{"start":{"line":347,"column":0},"end":{"line":365,"column":1}}]},"51":{"type":"branch","line":354,"loc":{"start":{"line":354,"column":29},"end":{"line":354,"column":46}},"locations":[{"start":{"line":354,"column":29},"end":{"line":354,"column":46}}]},"52":{"type":"branch","line":354,"loc":{"start":{"line":354,"column":39},"end":{"line":354,"column":48}},"locations":[{"start":{"line":354,"column":39},"end":{"line":354,"column":48}}]},"53":{"type":"branch","line":355,"loc":{"start":{"line":355,"column":17},"end":{"line":355,"column":42}},"locations":[{"start":{"line":355,"column":17},"end":{"line":355,"column":42}}]}},"b":{"0":[1],"1":[22],"2":[1],"3":[21],"4":[1],"5":[21],"6":[1],"7":[21],"8":[0],"9":[1],"10":[21],"11":[0],"12":[0],"13":[0],"14":[0],"15":[0],"16":[0],"17":[1],"18":[1],"19":[2],"20":[3],"21":[10],"22":[0],"23":[1],"24":[1],"25":[10],"26":[13],"27":[10],"28":[3],"29":[3],"30":[13],"31":[12],"32":[1],"33":[8],"34":[1],"35":[1],"36":[0],"37":[1],"38":[1],"39":[1],"40":[1],"41":[0],"42":[8],"43":[1],"44":[154],"45":[177],"46":[25],"47":[1],"48":[1],"49":[1],"50":[105],"51":[84],"52":[21],"53":[2]},"fnMap":{"0":{"name":"App","decl":{"start":{"line":25,"column":0},"end":{"line":345,"column":1}},"loc":{"start":{"line":25,"column":0},"end":{"line":345,"column":1}},"line":25},"1":{"name":"handleSyncMockApi","decl":{"start":{"line":88,"column":28},"end":{"line":98,"column":4}},"loc":{"start":{"line":88,"column":28},"end":{"line":98,"column":4}},"line":88},"2":{"name":"handleSaveEvent","decl":{"start":{"line":101,"column":26},"end":{"line":112,"column":4}},"loc":{"start":{"line":101,"column":26},"end":{"line":112,"column":4}},"line":101},"3":{"name":"handleDeleteEvent","decl":{"start":{"line":114,"column":28},"end":{"line":119,"column":4}},"loc":{"start":{"line":114,"column":28},"end":{"line":119,"column":4}},"line":114},"4":{"name":"handleOpenAddModal","decl":{"start":{"line":121,"column":29},"end":{"line":124,"column":4}},"loc":{"start":{"line":121,"column":29},"end":{"line":124,"column":4}},"line":121},"5":{"name":"handleOpenEditModal","decl":{"start":{"line":126,"column":30},"end":{"line":129,"column":4}},"loc":{"start":{"line":126,"column":30},"end":{"line":129,"column":4}},"line":126},"6":{"name":"handlePillClick","decl":{"start":{"line":131,"column":26},"end":{"line":133,"column":4}},"loc":{"start":{"line":131,"column":26},"end":{"line":133,"column":4}},"line":131},"7":{"name":"onClick","decl":{"start":{"line":161,"column":21},"end":{"line":161,"column":46}},"loc":{"start":{"line":161,"column":21},"end":{"line":161,"column":46}},"line":161},"8":{"name":"onClick","decl":{"start":{"line":169,"column":21},"end":{"line":169,"column":47}},"loc":{"start":{"line":169,"column":21},"end":{"line":169,"column":47}},"line":169},"9":{"name":"onClick","decl":{"start":{"line":247,"column":25},"end":{"line":247,"column":58}},"loc":{"start":{"line":247,"column":25},"end":{"line":247,"column":58}},"line":247},"10":{"name":"onClick","decl":{"start":{"line":254,"column":25},"end":{"line":254,"column":59}},"loc":{"start":{"line":254,"column":25},"end":{"line":254,"column":59}},"line":254},"11":{"name":"onClick","decl":{"start":{"line":261,"column":25},"end":{"line":261,"column":56}},"loc":{"start":{"line":261,"column":25},"end":{"line":261,"column":56}},"line":261},"12":{"name":"onClick","decl":{"start":{"line":268,"column":25},"end":{"line":268,"column":59}},"loc":{"start":{"line":268,"column":25},"end":{"line":268,"column":59}},"line":268},"13":{"name":"onChange","decl":{"start":{"line":278,"column":24},"end":{"line":278,"column":63}},"loc":{"start":{"line":278,"column":24},"end":{"line":278,"column":63}},"line":278},"14":{"name":"App.children.children.children.onDragStart","decl":{"start":{"line":292,"column":59},"end":{"line":292,"column":84}},"loc":{"start":{"line":292,"column":59},"end":{"line":292,"column":84}},"line":292},"15":{"name":"App.children.children.children.onDrop","decl":{"start":{"line":293,"column":49},"end":{"line":293,"column":106}},"loc":{"start":{"line":293,"column":49},"end":{"line":293,"column":106}},"line":293},"16":{"name":"App.children.children.children.onDragEnd","decl":{"start":{"line":294,"column":55},"end":{"line":294,"column":80}},"loc":{"start":{"line":294,"column":55},"end":{"line":294,"column":80}},"line":294},"17":{"name":"onClose","decl":{"start":{"line":314,"column":21},"end":{"line":314,"column":48}},"loc":{"start":{"line":314,"column":21},"end":{"line":314,"column":48}},"line":314},"18":{"name":"onClose","decl":{"start":{"line":321,"column":32},"end":{"line":321,"column":59}},"loc":{"start":{"line":321,"column":32},"end":{"line":321,"column":59}},"line":321},"19":{"name":"onClose","decl":{"start":{"line":330,"column":19},"end":{"line":333,"column":12}},"loc":{"start":{"line":330,"column":19},"end":{"line":333,"column":12}},"line":330},"20":{"name":"Toggle","decl":{"start":{"line":347,"column":0},"end":{"line":365,"column":1}},"loc":{"start":{"line":347,"column":0},"end":{"line":365,"column":1}},"line":347},"21":{"name":"onClick","decl":{"start":{"line":355,"column":17},"end":{"line":355,"column":42}},"loc":{"start":{"line":355,"column":17},"end":{"line":355,"column":42}},"line":355}},"f":{"0":22,"1":1,"2":1,"3":0,"4":1,"5":0,"6":0,"7":1,"8":1,"9":0,"10":0,"11":0,"12":0,"13":1,"14":0,"15":0,"16":0,"17":0,"18":0,"19":0,"20":105,"21":2}}
,"C:\\Users\\paart\\OneDrive\\Desktop\\FULL STACK WEB PROJECT LAB\\EXP-4_CALENDAR\\src\\main.jsx": {"path":"C:\\Users\\paart\\OneDrive\\Desktop\\FULL STACK WEB PROJECT LAB\\EXP-4_CALENDAR\\src\\main.jsx","all":true,"statementMap":{"0":{"start":{"line":1,"column":0},"end":{"line":1,"column":26}},"1":{"start":{"line":2,"column":0},"end":{"line":2,"column":40}},"2":{"start":{"line":3,"column":0},"end":{"line":3,"column":24}},"3":{"start":{"line":4,"column":0},"end":{"line":4,"column":22}},"4":{"start":{"line":5,"column":0},"end":{"line":5,"column":0}},"5":{"start":{"line":6,"column":0},"end":{"line":6,"column":60}},"6":{"start":{"line":7,"column":0},"end":{"line":7,"column":20}},"7":{"start":{"line":8,"column":0},"end":{"line":8,"column":11}},"8":{"start":{"line":9,"column":0},"end":{"line":9,"column":21}},"9":{"start":{"line":10,"column":0},"end":{"line":10,"column":2}}},"s":{"0":0,"1":0,"2":0,"3":0,"4":0,"5":0,"6":0,"7":0,"8":0,"9":0},"branchMap":{"0":{"type":"branch","line":1,"loc":{"start":{"line":1,"column":0},"end":{"line":10,"column":2}},"locations":[{"start":{"line":1,"column":0},"end":{"line":10,"column":2}}]}},"b":{"0":[0]},"fnMap":{"0":{"name":"(empty-report)","decl":{"start":{"line":1,"column":0},"end":{"line":10,"column":2}},"loc":{"start":{"line":1,"column":0},"end":{"line":10,"column":2}},"line":1}},"f":{"0":0}}
,"C:\\Users\\paart\\OneDrive\\Desktop\\FULL STACK WEB PROJECT LAB\\EXP-4_CALENDAR\\src\\mockApi.js": {"path":"C:\\Users\\paart\\OneDrive\\Desktop\\FULL STACK WEB PROJECT LAB\\EXP-4_CALENDAR\\src\\mockApi.js","all":false,"statementMap":{"0":{"start":{"line":1,"column":0},"end":{"line":1,"column":67}},"1":{"start":{"line":2,"column":0},"end":{"line":2,"column":34}},"2":{"start":{"line":3,"column":0},"end":{"line":3,"column":26}},"3":{"start":{"line":4,"column":0},"end":{"line":4,"column":9}},"4":{"start":{"line":5,"column":0},"end":{"line":5,"column":50}},"5":{"start":{"line":6,"column":0},"end":{"line":6,"column":24}},"6":{"start":{"line":7,"column":0},"end":{"line":7,"column":37}},"7":{"start":{"line":8,"column":0},"end":{"line":8,"column":7}},"8":{"start":{"line":9,"column":0},"end":{"line":9,"column":13}},"9":{"start":{"line":10,"column":0},"end":{"line":10,"column":66}},"10":{"start":{"line":11,"column":0},"end":{"line":11,"column":5}},"12":{"start":{"line":13,"column":0},"end":{"line":13,"column":30}},"13":{"start":{"line":14,"column":0},"end":{"line":14,"column":61}},"14":{"start":{"line":15,"column":0},"end":{"line":15,"column":12}},"15":{"start":{"line":16,"column":0},"end":{"line":16,"column":87}},"16":{"start":{"line":17,"column":0},"end":{"line":17,"column":82}},"17":{"start":{"line":18,"column":0},"end":{"line":18,"column":83}},"18":{"start":{"line":19,"column":0},"end":{"line":19,"column":88}},"19":{"start":{"line":20,"column":0},"end":{"line":20,"column":89}},"20":{"start":{"line":21,"column":0},"end":{"line":21,"column":83}},"21":{"start":{"line":22,"column":0},"end":{"line":22,"column":87}},"22":{"start":{"line":23,"column":0},"end":{"line":23,"column":90}},"23":{"start":{"line":24,"column":0},"end":{"line":24,"column":6}},"24":{"start":{"line":25,"column":0},"end":{"line":25,"column":3}},"25":{"start":{"line":26,"column":0},"end":{"line":26,"column":2}}},"s":{"0":1,"1":1,"2":1,"3":1,"4":1,"5":1,"6":1,"7":1,"8":1,"9":0,"10":0,"12":0,"13":0,"14":0,"15":0,"16":0,"17":0,"18":0,"19":0,"20":0,"21":0,"22":0,"23":0,"24":1,"25":1},"branchMap":{"0":{"type":"branch","line":3,"loc":{"start":{"line":3,"column":13},"end":{"line":25,"column":3}},"locations":[{"start":{"line":3,"column":13},"end":{"line":25,"column":3}}]},"1":{"type":"branch","line":9,"loc":{"start":{"line":9,"column":6},"end":{"line":25,"column":2}},"locations":[{"start":{"line":9,"column":6},"end":{"line":25,"column":2}}]}},"b":{"0":[1],"1":[0]},"fnMap":{"0":{"name":"getEvents","decl":{"start":{"line":3,"column":13},"end":{"line":25,"column":3}},"loc":{"start":{"line":3,"column":13},"end":{"line":25,"column":3}},"line":3},"1":{"name":"id","decl":{"start":{"line":14,"column":22},"end":{"line":14,"column":59}},"loc":{"start":{"line":14,"column":22},"end":{"line":14,"column":59}},"line":14}},"f":{"0":1,"1":0}}
,"C:\\Users\\paart\\OneDrive\\Desktop\\FULL STACK WEB PROJECT LAB\\EXP-4_CALENDAR\\src\\renderMetrics.js": {"path":"C:\\Users\\paart\\OneDrive\\Desktop\\FULL STACK WEB PROJECT LAB\\EXP-4_CALENDAR\\src\\renderMetrics.js","all":false,"statementMap":{"0":{"start":{"line":1,"column":0},"end":{"line":1,"column":16}},"1":{"start":{"line":2,"column":0},"end":{"line":2,"column":28}},"3":{"start":{"line":4,"column":0},"end":{"line":4,"column":34}},"4":{"start":{"line":5,"column":0},"end":{"line":5,"column":12}},"5":{"start":{"line":6,"column":0},"end":{"line":6,"column":14}},"6":{"start":{"line":7,"column":0},"end":{"line":7,"column":31}},"7":{"start":{"line":8,"column":0},"end":{"line":8,"column":4}},"8":{"start":{"line":9,"column":0},"end":{"line":9,"column":46}},"9":{"start":{"line":10,"column":0},"end":{"line":10,"column":1}},"11":{"start":{"line":12,"column":0},"end":{"line":12,"column":37}},"12":{"start":{"line":13,"column":0},"end":{"line":13,"column":14}},"13":{"start":{"line":14,"column":0},"end":{"line":14,"column":46}},"14":{"start":{"line":15,"column":0},"end":{"line":15,"column":1}},"16":{"start":{"line":17,"column":0},"end":{"line":17,"column":35}},"17":{"start":{"line":18,"column":0},"end":{"line":18,"column":16}},"18":{"start":{"line":19,"column":0},"end":{"line":19,"column":1}},"20":{"start":{"line":21,"column":0},"end":{"line":21,"column":51}},"21":{"start":{"line":22,"column":0},"end":{"line":22,"column":26}},"22":{"start":{"line":23,"column":0},"end":{"line":23,"column":42}},"23":{"start":{"line":24,"column":0},"end":{"line":24,"column":1}}},"s":{"0":1,"1":1,"3":1,"4":163,"5":163,"6":163,"7":163,"8":163,"9":163,"11":1,"12":2,"13":2,"14":2,"16":1,"17":209,"18":209,"20":1,"21":10,"22":10,"23":10},"branchMap":{"0":{"type":"branch","line":4,"loc":{"start":{"line":4,"column":7},"end":{"line":10,"column":1}},"locations":[{"start":{"line":4,"column":7},"end":{"line":10,"column":1}}]},"1":{"type":"branch","line":7,"loc":{"start":{"line":7,"column":22},"end":{"line":7,"column":26}},"locations":[{"start":{"line":7,"column":22},"end":{"line":7,"column":26}}]},"2":{"type":"branch","line":9,"loc":{"start":{"line":9,"column":20},"end":{"line":9,"column":44}},"locations":[{"start":{"line":9,"column":20},"end":{"line":9,"column":44}}]},"3":{"type":"branch","line":12,"loc":{"start":{"line":12,"column":7},"end":{"line":15,"column":1}},"locations":[{"start":{"line":12,"column":7},"end":{"line":15,"column":1}}]},"4":{"type":"branch","line":14,"loc":{"start":{"line":14,"column":20},"end":{"line":14,"column":44}},"locations":[{"start":{"line":14,"column":20},"end":{"line":14,"column":44}}]},"5":{"type":"branch","line":17,"loc":{"start":{"line":17,"column":7},"end":{"line":19,"column":1}},"locations":[{"start":{"line":17,"column":7},"end":{"line":19,"column":1}}]},"6":{"type":"branch","line":21,"loc":{"start":{"line":21,"column":7},"end":{"line":24,"column":1}},"locations":[{"start":{"line":21,"column":7},"end":{"line":24,"column":1}}]},"7":{"type":"branch","line":23,"loc":{"start":{"line":23,"column":9},"end":{"line":23,"column":41}},"locations":[{"start":{"line":23,"column":9},"end":{"line":23,"column":41}}]}},"b":{"0":[163],"1":[26],"2":[82],"3":[2],"4":[2],"5":[209],"6":[10],"7":[10]},"fnMap":{"0":{"name":"recordRender","decl":{"start":{"line":4,"column":7},"end":{"line":10,"column":1}},"loc":{"start":{"line":4,"column":7},"end":{"line":10,"column":1}},"line":4},"1":{"name":"resetRenderCounts","decl":{"start":{"line":12,"column":7},"end":{"line":15,"column":1}},"loc":{"start":{"line":12,"column":7},"end":{"line":15,"column":1}},"line":12},"2":{"name":"getRenderCounts","decl":{"start":{"line":17,"column":7},"end":{"line":19,"column":1}},"loc":{"start":{"line":17,"column":7},"end":{"line":19,"column":1}},"line":17},"3":{"name":"subscribeToRenderCounts","decl":{"start":{"line":21,"column":7},"end":{"line":24,"column":1}},"loc":{"start":{"line":21,"column":7},"end":{"line":24,"column":1}},"line":21}},"f":{"0":163,"1":2,"2":209,"3":10}}
,"C:\\Users\\paart\\OneDrive\\Desktop\\FULL STACK WEB PROJECT LAB\\EXP-4_CALENDAR\\src\\components\\EventCard.jsx": {"path":"C:\\Users\\paart\\OneDrive\\Desktop\\FULL STACK WEB PROJECT LAB\\EXP-4_CALENDAR\\src\\components\\EventCard.jsx","all":false,"statementMap":{"0":{"start":{"line":1,"column":0},"end":{"line":1,"column":62}},"1":{"start":{"line":2,"column":0},"end":{"line":2,"column":48}},"3":{"start":{"line":4,"column":0},"end":{"line":4,"column":89}},"4":{"start":{"line":5,"column":0},"end":{"line":5,"column":31}},"7":{"start":{"line":8,"column":0},"end":{"line":8,"column":41}},"10":{"start":{"line":11,"column":0},"end":{"line":11,"column":19}},"11":{"start":{"line":12,"column":0},"end":{"line":12,"column":27}},"12":{"start":{"line":13,"column":0},"end":{"line":13,"column":26}},"13":{"start":{"line":14,"column":0},"end":{"line":14,"column":55}},"15":{"start":{"line":16,"column":0},"end":{"line":16,"column":39}},"16":{"start":{"line":17,"column":0},"end":{"line":17,"column":52}},"17":{"start":{"line":18,"column":0},"end":{"line":18,"column":38}},"18":{"start":{"line":19,"column":0},"end":{"line":19,"column":58}},"19":{"start":{"line":20,"column":0},"end":{"line":20,"column":14}},"20":{"start":{"line":21,"column":0},"end":{"line":21,"column":39}},"21":{"start":{"line":22,"column":0},"end":{"line":22,"column":5}},"22":{"start":{"line":23,"column":0},"end":{"line":23,"column":5}},"24":{"start":{"line":25,"column":0},"end":{"line":25,"column":39}},"25":{"start":{"line":26,"column":0},"end":{"line":26,"column":26}},"26":{"start":{"line":27,"column":0},"end":{"line":27,"column":30}},"28":{"start":{"line":29,"column":0},"end":{"line":29,"column":37}},"29":{"start":{"line":30,"column":0},"end":{"line":30,"column":16}},"30":{"start":{"line":31,"column":0},"end":{"line":31,"column":18}},"32":{"start":{"line":33,"column":0},"end":{"line":33,"column":38}},"33":{"start":{"line":34,"column":0},"end":{"line":34,"column":15}},"34":{"start":{"line":35,"column":0},"end":{"line":35,"column":34}},"35":{"start":{"line":36,"column":0},"end":{"line":36,"column":36}},"36":{"start":{"line":37,"column":0},"end":{"line":37,"column":13}},"37":{"start":{"line":38,"column":0},"end":{"line":38,"column":24}},"39":{"start":{"line":40,"column":0},"end":{"line":40,"column":10}},"40":{"start":{"line":41,"column":0},"end":{"line":41,"column":12}},"41":{"start":{"line":42,"column":0},"end":{"line":42,"column":19}},"42":{"start":{"line":43,"column":0},"end":{"line":43,"column":44}},"43":{"start":{"line":44,"column":0},"end":{"line":44,"column":15}},"44":{"start":{"line":45,"column":0},"end":{"line":45,"column":32}},"45":{"start":{"line":46,"column":0},"end":{"line":46,"column":28}},"46":{"start":{"line":47,"column":0},"end":{"line":47,"column":39}},"47":{"start":{"line":48,"column":0},"end":{"line":48,"column":67}},"48":{"start":{"line":49,"column":0},"end":{"line":49,"column":55}},"50":{"start":{"line":51,"column":0},"end":{"line":51,"column":41}},"51":{"start":{"line":52,"column":0},"end":{"line":52,"column":56}},"52":{"start":{"line":53,"column":0},"end":{"line":53,"column":16}},"53":{"start":{"line":54,"column":0},"end":{"line":54,"column":24}},"54":{"start":{"line":55,"column":0},"end":{"line":55,"column":36}},"55":{"start":{"line":56,"column":0},"end":{"line":56,"column":27}},"56":{"start":{"line":57,"column":0},"end":{"line":57,"column":32}},"57":{"start":{"line":58,"column":0},"end":{"line":58,"column":46}},"58":{"start":{"line":59,"column":0},"end":{"line":59,"column":12}},"59":{"start":{"line":60,"column":0},"end":{"line":60,"column":28}},"60":{"start":{"line":61,"column":0},"end":{"line":61,"column":44}},"61":{"start":{"line":62,"column":0},"end":{"line":62,"column":9}},"63":{"start":{"line":64,"column":0},"end":{"line":64,"column":17}},"64":{"start":{"line":65,"column":0},"end":{"line":65,"column":12}},"65":{"start":{"line":66,"column":0},"end":{"line":66,"column":54}},"66":{"start":{"line":67,"column":0},"end":{"line":67,"column":14}},"68":{"start":{"line":69,"column":0},"end":{"line":69,"column":1}},"70":{"start":{"line":71,"column":0},"end":{"line":71,"column":48}},"72":{"start":{"line":73,"column":0},"end":{"line":73,"column":42}},"73":{"start":{"line":74,"column":0},"end":{"line":74,"column":30}},"74":{"start":{"line":75,"column":0},"end":{"line":75,"column":32}},"76":{"start":{"line":77,"column":0},"end":{"line":77,"column":32}},"78":{"start":{"line":79,"column":0},"end":{"line":79,"column":1}}},"s":{"0":1,"1":1,"3":163,"4":163,"7":163,"10":163,"11":163,"12":163,"13":163,"15":163,"16":163,"17":163,"18":0,"19":163,"20":163,"21":163,"22":163,"24":163,"25":1,"26":163,"28":163,"29":0,"30":163,"32":163,"33":162,"34":1,"35":163,"36":162,"37":1,"39":163,"40":163,"41":163,"42":163,"43":163,"44":163,"45":163,"46":163,"47":163,"48":163,"50":163,"51":163,"52":163,"53":163,"54":163,"55":163,"56":0,"57":0,"58":0,"59":163,"60":163,"61":163,"63":163,"64":163,"65":163,"66":163,"68":163,"70":1,"72":163,"73":163,"74":154,"76":9,"78":163},"branchMap":{"0":{"type":"branch","line":4,"loc":{"start":{"line":4,"column":0},"end":{"line":69,"column":1}},"locations":[{"start":{"line":4,"column":0},"end":{"line":69,"column":1}}]},"1":{"type":"branch","line":33,"loc":{"start":{"line":33,"column":23},"end":{"line":34,"column":15}},"locations":[{"start":{"line":33,"column":23},"end":{"line":34,"column":15}}]},"2":{"type":"branch","line":34,"loc":{"start":{"line":34,"column":6},"end":{"line":35,"column":34}},"locations":[{"start":{"line":34,"column":6},"end":{"line":35,"column":34}}]},"3":{"type":"branch","line":36,"loc":{"start":{"line":36,"column":21},"end":{"line":37,"column":13}},"locations":[{"start":{"line":36,"column":21},"end":{"line":37,"column":13}}]},"4":{"type":"branch","line":37,"loc":{"start":{"line":37,"column":6},"end":{"line":38,"column":24}},"locations":[{"start":{"line":37,"column":6},"end":{"line":38,"column":24}}]},"5":{"type":"branch","line":11,"loc":{"start":{"line":11,"column":12},"end":{"line":23,"column":3}},"locations":[{"start":{"line":11,"column":12},"end":{"line":23,"column":3}}]},"6":{"type":"branch","line":21,"loc":{"start":{"line":21,"column":13},"end":{"line":21,"column":39}},"locations":[{"start":{"line":21,"column":13},"end":{"line":21,"column":39}}]},"7":{"type":"branch","line":25,"loc":{"start":{"line":25,"column":32},"end":{"line":27,"column":5}},"locations":[{"start":{"line":25,"column":32},"end":{"line":27,"column":5}}]},"8":{"type":"branch","line":73,"loc":{"start":{"line":73,"column":0},"end":{"line":79,"column":1}},"locations":[{"start":{"line":73,"column":0},"end":{"line":79,"column":1}}]},"9":{"type":"branch","line":74,"loc":{"start":{"line":74,"column":15},"end":{"line":75,"column":32}},"locations":[{"start":{"line":74,"column":15},"end":{"line":75,"column":32}}]},"10":{"type":"branch","line":75,"loc":{"start":{"line":75,"column":30},"end":{"line":77,"column":32}},"locations":[{"start":{"line":75,"column":30},"end":{"line":77,"column":32}}]}},"b":{"0":[163],"1":[162],"2":[1],"3":[162],"4":[1],"5":[163],"6":[163],"7":[1],"8":[163],"9":[154],"10":[9]},"fnMap":{"0":{"name":"EventCardBase","decl":{"start":{"line":4,"column":0},"end":{"line":69,"column":1}},"loc":{"start":{"line":4,"column":0},"end":{"line":69,"column":1}},"line":4},"1":{"name":"EventCardBase.startHandler","decl":{"start":{"line":35,"column":6},"end":{"line":35,"column":34}},"loc":{"start":{"line":35,"column":6},"end":{"line":35,"column":34}},"line":35},"2":{"name":"EventCardBase.endHandler","decl":{"start":{"line":38,"column":6},"end":{"line":38,"column":24}},"loc":{"start":{"line":38,"column":6},"end":{"line":38,"column":24}},"line":38},"3":{"name":"onClick","decl":{"start":{"line":49,"column":15},"end":{"line":49,"column":55}},"loc":{"start":{"line":49,"column":15},"end":{"line":49,"column":55}},"line":49},"4":{"name":"onClick","decl":{"start":{"line":56,"column":19},"end":{"line":59,"column":12}},"loc":{"start":{"line":56,"column":19},"end":{"line":59,"column":12}},"line":56},"5":{"name":"EventCard","decl":{"start":{"line":73,"column":0},"end":{"line":79,"column":1}},"loc":{"start":{"line":73,"column":0},"end":{"line":79,"column":1}},"line":73}},"f":{"0":163,"1":0,"2":0,"3":0,"4":0,"5":163}}
,"C:\\Users\\paart\\OneDrive\\Desktop\\FULL STACK WEB PROJECT LAB\\EXP-4_CALENDAR\\src\\components\\EventModal.jsx": {"path":"C:\\Users\\paart\\OneDrive\\Desktop\\FULL STACK WEB PROJECT LAB\\EXP-4_CALENDAR\\src\\components\\EventModal.jsx","all":false,"statementMap":{"0":{"start":{"line":1,"column":0},"end":{"line":1,"column":40}},"2":{"start":{"line":3,"column":0},"end":{"line":3,"column":74}},"3":{"start":{"line":4,"column":0},"end":{"line":4,"column":57}},"4":{"start":{"line":5,"column":0},"end":{"line":5,"column":59}},"5":{"start":{"line":6,"column":0},"end":{"line":6,"column":50}},"6":{"start":{"line":7,"column":0},"end":{"line":7,"column":61}},"8":{"start":{"line":9,"column":0},"end":{"line":9,"column":31}},"9":{"start":{"line":10,"column":0},"end":{"line":10,"column":23}},"10":{"start":{"line":11,"column":0},"end":{"line":11,"column":30}},"11":{"start":{"line":12,"column":0},"end":{"line":12,"column":12}},"12":{"start":{"line":13,"column":0},"end":{"line":13,"column":45}},"13":{"start":{"line":14,"column":0},"end":{"line":14,"column":26}},"14":{"start":{"line":15,"column":0},"end":{"line":15,"column":11}},"15":{"start":{"line":16,"column":0},"end":{"line":16,"column":23}},"16":{"start":{"line":17,"column":0},"end":{"line":17,"column":10}},"17":{"start":{"line":18,"column":0},"end":{"line":18,"column":7}},"18":{"start":{"line":19,"column":0},"end":{"line":19,"column":4}},"20":{"start":{"line":21,"column":0},"end":{"line":21,"column":10}},"21":{"start":{"line":22,"column":0},"end":{"line":22,"column":63}},"22":{"start":{"line":23,"column":0},"end":{"line":23,"column":97}},"23":{"start":{"line":24,"column":0},"end":{"line":24,"column":40}},"24":{"start":{"line":25,"column":0},"end":{"line":25,"column":15}},"25":{"start":{"line":26,"column":0},"end":{"line":26,"column":72}},"26":{"start":{"line":27,"column":0},"end":{"line":27,"column":83}},"27":{"start":{"line":28,"column":0},"end":{"line":28,"column":16}},"28":{"start":{"line":29,"column":0},"end":{"line":29,"column":93}},"29":{"start":{"line":30,"column":0},"end":{"line":30,"column":14}},"31":{"start":{"line":32,"column":0},"end":{"line":32,"column":61}},"32":{"start":{"line":33,"column":0},"end":{"line":33,"column":38}},"33":{"start":{"line":34,"column":0},"end":{"line":34,"column":66}},"34":{"start":{"line":35,"column":0},"end":{"line":35,"column":18}},"35":{"start":{"line":36,"column":0},"end":{"line":36,"column":36}},"36":{"start":{"line":37,"column":0},"end":{"line":37,"column":25}},"37":{"start":{"line":38,"column":0},"end":{"line":38,"column":36}},"38":{"start":{"line":39,"column":0},"end":{"line":39,"column":27}},"39":{"start":{"line":40,"column":0},"end":{"line":40,"column":56}},"40":{"start":{"line":41,"column":0},"end":{"line":41,"column":52}},"41":{"start":{"line":42,"column":0},"end":{"line":42,"column":22}},"42":{"start":{"line":43,"column":0},"end":{"line":43,"column":14}},"43":{"start":{"line":44,"column":0},"end":{"line":44,"column":16}},"45":{"start":{"line":46,"column":0},"end":{"line":46,"column":36}},"46":{"start":{"line":47,"column":0},"end":{"line":47,"column":40}},"47":{"start":{"line":48,"column":0},"end":{"line":48,"column":60}},"48":{"start":{"line":49,"column":0},"end":{"line":49,"column":20}},"49":{"start":{"line":50,"column":0},"end":{"line":50,"column":37}},"50":{"start":{"line":51,"column":0},"end":{"line":51,"column":27}},"51":{"start":{"line":52,"column":0},"end":{"line":52,"column":38}},"52":{"start":{"line":53,"column":0},"end":{"line":53,"column":28}},"53":{"start":{"line":54,"column":0},"end":{"line":54,"column":57}},"54":{"start":{"line":55,"column":0},"end":{"line":55,"column":35}},"55":{"start":{"line":56,"column":0},"end":{"line":56,"column":24}},"56":{"start":{"line":57,"column":0},"end":{"line":57,"column":16}},"57":{"start":{"line":58,"column":0},"end":{"line":58,"column":18}},"59":{"start":{"line":60,"column":0},"end":{"line":60,"column":40}},"60":{"start":{"line":61,"column":0},"end":{"line":61,"column":69}},"61":{"start":{"line":62,"column":0},"end":{"line":62,"column":21}},"62":{"start":{"line":63,"column":0},"end":{"line":63,"column":37}},"63":{"start":{"line":64,"column":0},"end":{"line":64,"column":39}},"64":{"start":{"line":65,"column":0},"end":{"line":65,"column":27}},"65":{"start":{"line":66,"column":0},"end":{"line":66,"column":64}},"67":{"start":{"line":68,"column":0},"end":{"line":68,"column":49}},"68":{"start":{"line":69,"column":0},"end":{"line":69,"column":50}},"69":{"start":{"line":70,"column":0},"end":{"line":70,"column":52}},"70":{"start":{"line":71,"column":0},"end":{"line":71,"column":51}},"71":{"start":{"line":72,"column":0},"end":{"line":72,"column":49}},"72":{"start":{"line":73,"column":0},"end":{"line":73,"column":51}},"73":{"start":{"line":74,"column":0},"end":{"line":74,"column":49}},"74":{"start":{"line":75,"column":0},"end":{"line":75,"column":23}},"75":{"start":{"line":76,"column":0},"end":{"line":76,"column":18}},"76":{"start":{"line":77,"column":0},"end":{"line":77,"column":16}},"78":{"start":{"line":79,"column":0},"end":{"line":79,"column":38}},"79":{"start":{"line":80,"column":0},"end":{"line":80,"column":63}},"80":{"start":{"line":81,"column":0},"end":{"line":81,"column":19}},"81":{"start":{"line":82,"column":0},"end":{"line":82,"column":36}},"82":{"start":{"line":83,"column":0},"end":{"line":83,"column":37}},"83":{"start":{"line":84,"column":0},"end":{"line":84,"column":26}},"84":{"start":{"line":85,"column":0},"end":{"line":85,"column":55}},"86":{"start":{"line":87,"column":0},"end":{"line":87,"column":54}},"87":{"start":{"line":88,"column":0},"end":{"line":88,"column":56}},"88":{"start":{"line":89,"column":0},"end":{"line":89,"column":56}},"89":{"start":{"line":90,"column":0},"end":{"line":90,"column":56}},"90":{"start":{"line":91,"column":0},"end":{"line":91,"column":21}},"91":{"start":{"line":92,"column":0},"end":{"line":92,"column":16}},"93":{"start":{"line":94,"column":0},"end":{"line":94,"column":41}},"94":{"start":{"line":95,"column":0},"end":{"line":95,"column":35}},"95":{"start":{"line":96,"column":0},"end":{"line":96,"column":21}},"96":{"start":{"line":97,"column":0},"end":{"line":97,"column":29}},"97":{"start":{"line":98,"column":0},"end":{"line":98,"column":38}},"98":{"start":{"line":99,"column":0},"end":{"line":99,"column":50}},"99":{"start":{"line":100,"column":0},"end":{"line":100,"column":15}},"101":{"start":{"line":102,"column":0},"end":{"line":102,"column":23}},"103":{"start":{"line":104,"column":0},"end":{"line":104,"column":49}},"104":{"start":{"line":105,"column":0},"end":{"line":105,"column":76}},"106":{"start":{"line":107,"column":0},"end":{"line":107,"column":23}},"107":{"start":{"line":108,"column":0},"end":{"line":108,"column":57}},"108":{"start":{"line":109,"column":0},"end":{"line":109,"column":57}},"109":{"start":{"line":110,"column":0},"end":{"line":110,"column":23}},"110":{"start":{"line":111,"column":0},"end":{"line":111,"column":18}},"111":{"start":{"line":112,"column":0},"end":{"line":112,"column":16}},"112":{"start":{"line":113,"column":0},"end":{"line":113,"column":15}},"113":{"start":{"line":114,"column":0},"end":{"line":114,"column":12}},"114":{"start":{"line":115,"column":0},"end":{"line":115,"column":10}},"116":{"start":{"line":117,"column":0},"end":{"line":117,"column":1}}},"s":{"0":1,"2":20,"3":20,"4":20,"5":20,"6":20,"8":20,"9":1,"10":1,"11":1,"12":1,"13":1,"14":1,"15":1,"16":1,"17":1,"18":1,"20":20,"21":20,"22":20,"23":20,"24":20,"25":20,"26":20,"27":20,"28":20,"29":20,"31":20,"32":20,"33":20,"34":20,"35":20,"36":20,"37":20,"38":20,"39":20,"40":20,"41":20,"42":20,"43":20,"45":20,"46":20,"47":20,"48":20,"49":20,"50":20,"51":20,"52":20,"53":20,"54":20,"55":20,"56":20,"57":20,"59":20,"60":20,"61":20,"62":20,"63":20,"64":20,"65":20,"67":20,"68":20,"69":20,"70":20,"71":20,"72":20,"73":20,"74":20,"75":20,"76":20,"78":20,"79":20,"80":20,"81":20,"82":20,"83":20,"84":20,"86":20,"87":20,"88":20,"89":20,"90":20,"91":20,"93":20,"94":20,"95":0,"96":0,"97":0,"98":0,"99":0,"101":0,"103":20,"104":20,"106":20,"107":20,"108":20,"109":20,"110":20,"111":20,"112":20,"113":20,"114":20,"116":20},"branchMap":{"0":{"type":"branch","line":3,"loc":{"start":{"line":3,"column":0},"end":{"line":117,"column":1}},"locations":[{"start":{"line":3,"column":0},"end":{"line":117,"column":1}}]},"1":{"type":"branch","line":4,"loc":{"start":{"line":4,"column":37},"end":{"line":4,"column":53}},"locations":[{"start":{"line":4,"column":37},"end":{"line":4,"column":53}}]},"2":{"type":"branch","line":5,"loc":{"start":{"line":5,"column":35},"end":{"line":5,"column":50}},"locations":[{"start":{"line":5,"column":35},"end":{"line":5,"column":50}}]},"3":{"type":"branch","line":6,"loc":{"start":{"line":6,"column":33},"end":{"line":6,"column":47}},"locations":[{"start":{"line":6,"column":33},"end":{"line":6,"column":47}}]},"4":{"type":"branch","line":7,"loc":{"start":{"line":7,"column":35},"end":{"line":7,"column":50}},"locations":[{"start":{"line":7,"column":35},"end":{"line":7,"column":50}}]},"5":{"type":"branch","line":27,"loc":{"start":{"line":27,"column":17},"end":{"line":27,"column":50}},"locations":[{"start":{"line":27,"column":17},"end":{"line":27,"column":50}}]},"6":{"type":"branch","line":95,"loc":{"start":{"line":95,"column":13},"end":{"line":95,"column":35}},"locations":[{"start":{"line":95,"column":13},"end":{"line":95,"column":35}}]},"7":{"type":"branch","line":95,"loc":{"start":{"line":95,"column":22},"end":{"line":102,"column":23}},"locations":[{"start":{"line":95,"column":22},"end":{"line":102,"column":23}}]},"8":{"type":"branch","line":109,"loc":{"start":{"line":109,"column":17},"end":{"line":109,"column":42}},"locations":[{"start":{"line":109,"column":17},"end":{"line":109,"column":42}}]},"9":{"type":"branch","line":9,"loc":{"start":{"line":9,"column":23},"end":{"line":19,"column":4}},"locations":[{"start":{"line":9,"column":23},"end":{"line":19,"column":4}}]},"10":{"type":"branch","line":11,"loc":{"start":{"line":11,"column":23},"end":{"line":11,"column":30}},"locations":[{"start":{"line":11,"column":23},"end":{"line":11,"column":30}}]},"11":{"type":"branch","line":13,"loc":{"start":{"line":13,"column":10},"end":{"line":13,"column":23}},"locations":[{"start":{"line":13,"column":10},"end":{"line":13,"column":23}}]},"12":{"type":"branch","line":23,"loc":{"start":{"line":23,"column":69},"end":{"line":23,"column":97}},"locations":[{"start":{"line":23,"column":69},"end":{"line":23,"column":97}}]},"13":{"type":"branch","line":40,"loc":{"start":{"line":40,"column":24},"end":{"line":40,"column":56}},"locations":[{"start":{"line":40,"column":24},"end":{"line":40,"column":56}}]}},"b":{"0":[20],"1":[0],"2":[0],"3":[0],"4":[0],"5":[0],"6":[0],"7":[0],"8":[0],"9":[1],"10":[0],"11":[0],"12":[2],"13":[18]},"fnMap":{"0":{"name":"EventModal","decl":{"start":{"line":3,"column":0},"end":{"line":117,"column":1}},"loc":{"start":{"line":3,"column":0},"end":{"line":117,"column":1}},"line":3},"1":{"name":"handleSubmit","decl":{"start":{"line":9,"column":23},"end":{"line":19,"column":4}},"loc":{"start":{"line":9,"column":23},"end":{"line":19,"column":4}},"line":9},"2":{"name":"onClick","decl":{"start":{"line":23,"column":69},"end":{"line":23,"column":97}},"loc":{"start":{"line":23,"column":69},"end":{"line":23,"column":97}},"line":23},"3":{"name":"onChange","decl":{"start":{"line":40,"column":24},"end":{"line":40,"column":56}},"loc":{"start":{"line":40,"column":24},"end":{"line":40,"column":56}},"line":40},"4":{"name":"onChange","decl":{"start":{"line":54,"column":26},"end":{"line":54,"column":57}},"loc":{"start":{"line":54,"column":26},"end":{"line":54,"column":57}},"line":54},"5":{"name":"onChange","decl":{"start":{"line":66,"column":26},"end":{"line":66,"column":64}},"loc":{"start":{"line":66,"column":26},"end":{"line":66,"column":64}},"line":66},"6":{"name":"onChange","decl":{"start":{"line":85,"column":24},"end":{"line":85,"column":55}},"loc":{"start":{"line":85,"column":24},"end":{"line":85,"column":55}},"line":85},"7":{"name":"onClick","decl":{"start":{"line":99,"column":25},"end":{"line":99,"column":50}},"loc":{"start":{"line":99,"column":25},"end":{"line":99,"column":50}},"line":99}},"f":{"0":20,"1":1,"2":2,"3":18,"4":0,"5":0,"6":0,"7":0}}
,"C:\\Users\\paart\\OneDrive\\Desktop\\FULL STACK WEB PROJECT LAB\\EXP-4_CALENDAR\\src\\components\\LabGuideModal.jsx": {"path":"C:\\Users\\paart\\OneDrive\\Desktop\\FULL STACK WEB PROJECT LAB\\EXP-4_CALENDAR\\src\\components\\LabGuideModal.jsx","all":false,"statementMap":{"0":{"start":{"line":1,"column":0},"end":{"line":1,"column":26}},"2":{"start":{"line":3,"column":0},"end":{"line":3,"column":52}},"3":{"start":{"line":4,"column":0},"end":{"line":4,"column":10}},"4":{"start":{"line":5,"column":0},"end":{"line":5,"column":63}},"5":{"start":{"line":6,"column":0},"end":{"line":6,"column":95}},"6":{"start":{"line":7,"column":0},"end":{"line":7,"column":40}},"7":{"start":{"line":8,"column":0},"end":{"line":8,"column":15}},"8":{"start":{"line":9,"column":0},"end":{"line":9,"column":82}},"9":{"start":{"line":10,"column":0},"end":{"line":10,"column":64}},"10":{"start":{"line":11,"column":0},"end":{"line":11,"column":16}},"11":{"start":{"line":12,"column":0},"end":{"line":12,"column":93}},"12":{"start":{"line":13,"column":0},"end":{"line":13,"column":14}},"14":{"start":{"line":15,"column":0},"end":{"line":15,"column":42}},"15":{"start":{"line":16,"column":0},"end":{"line":16,"column":45}},"16":{"start":{"line":17,"column":0},"end":{"line":17,"column":40}},"17":{"start":{"line":18,"column":0},"end":{"line":18,"column":15}},"20":{"start":{"line":21,"column":0},"end":{"line":21,"column":16}},"21":{"start":{"line":22,"column":0},"end":{"line":22,"column":20}},"23":{"start":{"line":24,"column":0},"end":{"line":24,"column":45}},"24":{"start":{"line":25,"column":0},"end":{"line":25,"column":52}},"25":{"start":{"line":26,"column":0},"end":{"line":26,"column":40}},"26":{"start":{"line":27,"column":0},"end":{"line":27,"column":41}},"27":{"start":{"line":28,"column":0},"end":{"line":28,"column":43}},"28":{"start":{"line":29,"column":0},"end":{"line":29,"column":107}},"29":{"start":{"line":30,"column":0},"end":{"line":30,"column":20}},"30":{"start":{"line":31,"column":0},"end":{"line":31,"column":41}},"31":{"start":{"line":32,"column":0},"end":{"line":32,"column":44}},"32":{"start":{"line":33,"column":0},"end":{"line":33,"column":104}},"33":{"start":{"line":34,"column":0},"end":{"line":34,"column":20}},"34":{"start":{"line":35,"column":0},"end":{"line":35,"column":41}},"35":{"start":{"line":36,"column":0},"end":{"line":36,"column":40}},"36":{"start":{"line":37,"column":0},"end":{"line":37,"column":101}},"37":{"start":{"line":38,"column":0},"end":{"line":38,"column":20}},"38":{"start":{"line":39,"column":0},"end":{"line":39,"column":41}},"39":{"start":{"line":40,"column":0},"end":{"line":40,"column":54}},"40":{"start":{"line":41,"column":0},"end":{"line":41,"column":112}},"41":{"start":{"line":42,"column":0},"end":{"line":42,"column":20}},"42":{"start":{"line":43,"column":0},"end":{"line":43,"column":18}},"43":{"start":{"line":44,"column":0},"end":{"line":44,"column":20}},"45":{"start":{"line":46,"column":0},"end":{"line":46,"column":45}},"46":{"start":{"line":47,"column":0},"end":{"line":47,"column":64}},"47":{"start":{"line":48,"column":0},"end":{"line":48,"column":44}},"48":{"start":{"line":49,"column":0},"end":{"line":49,"column":21}},"49":{"start":{"line":50,"column":0},"end":{"line":50,"column":20}},"50":{"start":{"line":51,"column":0},"end":{"line":51,"column":45}},"51":{"start":{"line":52,"column":0},"end":{"line":52,"column":56}},"52":{"start":{"line":53,"column":0},"end":{"line":53,"column":49}},"53":{"start":{"line":54,"column":0},"end":{"line":54,"column":21}},"54":{"start":{"line":55,"column":0},"end":{"line":55,"column":22}},"55":{"start":{"line":56,"column":0},"end":{"line":56,"column":21}},"56":{"start":{"line":57,"column":0},"end":{"line":57,"column":20}},"57":{"start":{"line":58,"column":0},"end":{"line":58,"column":61}},"58":{"start":{"line":59,"column":0},"end":{"line":59,"column":113}},"59":{"start":{"line":60,"column":0},"end":{"line":60,"column":87}},"60":{"start":{"line":61,"column":0},"end":{"line":61,"column":21}},"61":{"start":{"line":62,"column":0},"end":{"line":62,"column":20}},"62":{"start":{"line":63,"column":0},"end":{"line":63,"column":63}},"63":{"start":{"line":64,"column":0},"end":{"line":64,"column":101}},"64":{"start":{"line":65,"column":0},"end":{"line":65,"column":94}},"65":{"start":{"line":66,"column":0},"end":{"line":66,"column":21}},"66":{"start":{"line":67,"column":0},"end":{"line":67,"column":22}},"67":{"start":{"line":68,"column":0},"end":{"line":68,"column":20}},"68":{"start":{"line":69,"column":0},"end":{"line":69,"column":20}},"70":{"start":{"line":71,"column":0},"end":{"line":71,"column":45}},"71":{"start":{"line":72,"column":0},"end":{"line":72,"column":63}},"72":{"start":{"line":73,"column":0},"end":{"line":73,"column":39}},"73":{"start":{"line":74,"column":0},"end":{"line":74,"column":94}},"74":{"start":{"line":75,"column":0},"end":{"line":75,"column":104}},"75":{"start":{"line":76,"column":0},"end":{"line":76,"column":121}},"76":{"start":{"line":77,"column":0},"end":{"line":77,"column":109}},"77":{"start":{"line":78,"column":0},"end":{"line":78,"column":17}},"78":{"start":{"line":79,"column":0},"end":{"line":79,"column":20}},"80":{"start":{"line":81,"column":0},"end":{"line":81,"column":45}},"81":{"start":{"line":82,"column":0},"end":{"line":82,"column":54}},"82":{"start":{"line":83,"column":0},"end":{"line":83,"column":40}},"83":{"start":{"line":84,"column":0},"end":{"line":84,"column":114}},"84":{"start":{"line":85,"column":0},"end":{"line":85,"column":90}},"85":{"start":{"line":86,"column":0},"end":{"line":86,"column":101}},"86":{"start":{"line":87,"column":0},"end":{"line":87,"column":87}},"87":{"start":{"line":88,"column":0},"end":{"line":88,"column":102}},"88":{"start":{"line":89,"column":0},"end":{"line":89,"column":18}},"89":{"start":{"line":90,"column":0},"end":{"line":90,"column":20}},"90":{"start":{"line":91,"column":0},"end":{"line":91,"column":14}},"92":{"start":{"line":93,"column":0},"end":{"line":93,"column":39}},"93":{"start":{"line":94,"column":0},"end":{"line":94,"column":57}},"94":{"start":{"line":95,"column":0},"end":{"line":95,"column":79}},"95":{"start":{"line":96,"column":0},"end":{"line":96,"column":14}},"96":{"start":{"line":97,"column":0},"end":{"line":97,"column":12}},"97":{"start":{"line":98,"column":0},"end":{"line":98,"column":10}},"99":{"start":{"line":100,"column":0},"end":{"line":100,"column":1}}},"s":{"0":1,"2":1,"3":1,"4":1,"5":1,"6":1,"7":1,"8":1,"9":1,"10":1,"11":1,"12":1,"14":1,"15":1,"16":1,"17":1,"20":1,"21":1,"23":1,"24":1,"25":1,"26":1,"27":1,"28":1,"29":1,"30":1,"31":1,"32":1,"33":1,"34":1,"35":1,"36":1,"37":1,"38":1,"39":1,"40":1,"41":1,"42":1,"43":1,"45":1,"46":1,"47":1,"48":1,"49":1,"50":1,"51":1,"52":1,"53":1,"54":1,"55":1,"56":1,"57":1,"58":1,"59":1,"60":1,"61":1,"62":1,"63":1,"64":1,"65":1,"66":1,"67":1,"68":1,"70":1,"71":1,"72":1,"73":1,"74":1,"75":1,"76":1,"77":1,"78":1,"80":1,"81":1,"82":1,"83":1,"84":1,"85":1,"86":1,"87":1,"88":1,"89":1,"90":1,"92":1,"93":1,"94":1,"95":1,"96":1,"97":1,"99":1},"branchMap":{"0":{"type":"branch","line":3,"loc":{"start":{"line":3,"column":0},"end":{"line":100,"column":1}},"locations":[{"start":{"line":3,"column":0},"end":{"line":100,"column":1}}]}},"b":{"0":[1]},"fnMap":{"0":{"name":"LabGuideModal","decl":{"start":{"line":3,"column":0},"end":{"line":100,"column":1}},"loc":{"start":{"line":3,"column":0},"end":{"line":100,"column":1}},"line":3},"1":{"name":"onClick","decl":{"start":{"line":6,"column":67},"end":{"line":6,"column":95}},"loc":{"start":{"line":6,"column":67},"end":{"line":6,"column":95}},"line":6}},"f":{"0":1,"1":0}}
,"C:\\Users\\paart\\OneDrive\\Desktop\\FULL STACK WEB PROJECT LAB\\EXP-4_CALENDAR\\src\\components\\PremiumReportWidget.jsx": {"path":"C:\\Users\\paart\\OneDrive\\Desktop\\FULL STACK WEB PROJECT LAB\\EXP-4_CALENDAR\\src\\components\\PremiumReportWidget.jsx","all":false,"statementMap":{"0":{"start":{"line":1,"column":0},"end":{"line":1,"column":26}},"2":{"start":{"line":3,"column":0},"end":{"line":3,"column":81}},"3":{"start":{"line":4,"column":0},"end":{"line":4,"column":10}},"4":{"start":{"line":5,"column":0},"end":{"line":5,"column":63}},"5":{"start":{"line":6,"column":0},"end":{"line":6,"column":80}},"6":{"start":{"line":7,"column":0},"end":{"line":7,"column":40}},"7":{"start":{"line":8,"column":0},"end":{"line":8,"column":15}},"8":{"start":{"line":9,"column":0},"end":{"line":9,"column":86}},"9":{"start":{"line":10,"column":0},"end":{"line":10,"column":62}},"10":{"start":{"line":11,"column":0},"end":{"line":11,"column":16}},"11":{"start":{"line":12,"column":0},"end":{"line":12,"column":93}},"12":{"start":{"line":13,"column":0},"end":{"line":13,"column":14}},"14":{"start":{"line":15,"column":0},"end":{"line":15,"column":35}},"15":{"start":{"line":16,"column":0},"end":{"line":16,"column":126}},"16":{"start":{"line":17,"column":0},"end":{"line":17,"column":12}},"18":{"start":{"line":19,"column":0},"end":{"line":19,"column":37}},"19":{"start":{"line":20,"column":0},"end":{"line":20,"column":38}},"20":{"start":{"line":21,"column":0},"end":{"line":21,"column":84}},"21":{"start":{"line":22,"column":0},"end":{"line":22,"column":73}},"22":{"start":{"line":23,"column":0},"end":{"line":23,"column":73}},"23":{"start":{"line":24,"column":0},"end":{"line":24,"column":16}},"24":{"start":{"line":25,"column":0},"end":{"line":25,"column":38}},"25":{"start":{"line":26,"column":0},"end":{"line":26,"column":78}},"26":{"start":{"line":27,"column":0},"end":{"line":27,"column":63}},"27":{"start":{"line":28,"column":0},"end":{"line":28,"column":80}},"28":{"start":{"line":29,"column":0},"end":{"line":29,"column":16}},"29":{"start":{"line":30,"column":0},"end":{"line":30,"column":38}},"30":{"start":{"line":31,"column":0},"end":{"line":31,"column":70}},"31":{"start":{"line":32,"column":0},"end":{"line":32,"column":70}},"32":{"start":{"line":33,"column":0},"end":{"line":33,"column":73}},"33":{"start":{"line":34,"column":0},"end":{"line":34,"column":16}},"34":{"start":{"line":35,"column":0},"end":{"line":35,"column":14}},"36":{"start":{"line":37,"column":0},"end":{"line":37,"column":39}},"37":{"start":{"line":38,"column":0},"end":{"line":38,"column":76}},"38":{"start":{"line":39,"column":0},"end":{"line":39,"column":38}},"39":{"start":{"line":40,"column":0},"end":{"line":40,"column":41}},"40":{"start":{"line":41,"column":0},"end":{"line":41,"column":55}},"41":{"start":{"line":42,"column":0},"end":{"line":42,"column":65}},"42":{"start":{"line":43,"column":0},"end":{"line":43,"column":45}},"43":{"start":{"line":44,"column":0},"end":{"line":44,"column":23}},"44":{"start":{"line":45,"column":0},"end":{"line":45,"column":43}},"45":{"start":{"line":46,"column":0},"end":{"line":46,"column":97}},"46":{"start":{"line":47,"column":0},"end":{"line":47,"column":20}},"47":{"start":{"line":48,"column":0},"end":{"line":48,"column":22}},"48":{"start":{"line":49,"column":0},"end":{"line":49,"column":78}},"49":{"start":{"line":50,"column":0},"end":{"line":50,"column":20}},"50":{"start":{"line":51,"column":0},"end":{"line":51,"column":15}},"51":{"start":{"line":52,"column":0},"end":{"line":52,"column":16}},"52":{"start":{"line":53,"column":0},"end":{"line":53,"column":14}},"54":{"start":{"line":55,"column":0},"end":{"line":55,"column":39}},"55":{"start":{"line":56,"column":0},"end":{"line":56,"column":76}},"56":{"start":{"line":57,"column":0},"end":{"line":57,"column":79}},"57":{"start":{"line":58,"column":0},"end":{"line":58,"column":14}},"58":{"start":{"line":59,"column":0},"end":{"line":59,"column":12}},"59":{"start":{"line":60,"column":0},"end":{"line":60,"column":10}},"61":{"start":{"line":62,"column":0},"end":{"line":62,"column":1}}},"s":{"0":1,"2":1,"3":1,"4":1,"5":1,"6":1,"7":1,"8":1,"9":1,"10":1,"11":1,"12":1,"14":1,"15":1,"16":1,"18":1,"19":1,"20":1,"21":1,"22":1,"23":1,"24":1,"25":1,"26":1,"27":1,"28":1,"29":1,"30":1,"31":1,"32":1,"33":1,"34":1,"36":1,"37":1,"38":1,"39":1,"40":8,"41":8,"42":8,"43":8,"44":8,"45":8,"46":8,"47":8,"48":8,"49":8,"50":1,"51":1,"52":1,"54":1,"55":1,"56":1,"57":1,"58":1,"59":1,"61":1},"branchMap":{"0":{"type":"branch","line":3,"loc":{"start":{"line":3,"column":0},"end":{"line":62,"column":1}},"locations":[{"start":{"line":3,"column":0},"end":{"line":62,"column":1}}]},"1":{"type":"branch","line":40,"loc":{"start":{"line":40,"column":25},"end":{"line":50,"column":20}},"locations":[{"start":{"line":40,"column":25},"end":{"line":50,"column":20}}]},"2":{"type":"branch","line":46,"loc":{"start":{"line":46,"column":71},"end":{"line":46,"column":87}},"locations":[{"start":{"line":46,"column":71},"end":{"line":46,"column":87}}]},"3":{"type":"branch","line":49,"loc":{"start":{"line":49,"column":50},"end":{"line":49,"column":63}},"locations":[{"start":{"line":49,"column":50},"end":{"line":49,"column":63}}]}},"b":{"0":[1],"1":[8],"2":[0],"3":[0]},"fnMap":{"0":{"name":"PremiumReportWidget","decl":{"start":{"line":3,"column":0},"end":{"line":62,"column":1}},"loc":{"start":{"line":3,"column":0},"end":{"line":62,"column":1}},"line":3},"1":{"name":"onClick","decl":{"start":{"line":6,"column":52},"end":{"line":6,"column":80}},"loc":{"start":{"line":6,"column":52},"end":{"line":6,"column":80}},"line":6}},"f":{"0":1,"1":0}}
,"C:\\Users\\paart\\OneDrive\\Desktop\\FULL STACK WEB PROJECT LAB\\EXP-4_CALENDAR\\src\\components\\RenderMonitor.jsx": {"path":"C:\\Users\\paart\\OneDrive\\Desktop\\FULL STACK WEB PROJECT LAB\\EXP-4_CALENDAR\\src\\components\\RenderMonitor.jsx","all":false,"statementMap":{"0":{"start":{"line":1,"column":0},"end":{"line":1,"column":52}},"1":{"start":{"line":2,"column":0},"end":{"line":2,"column":8}},"6":{"start":{"line":7,"column":0},"end":{"line":7,"column":49}},"7":{"start":{"line":8,"column":0},"end":{"line":8,"column":38}},"8":{"start":{"line":9,"column":0},"end":{"line":9,"column":28}},"9":{"start":{"line":10,"column":0},"end":{"line":10,"column":20}},"10":{"start":{"line":11,"column":0},"end":{"line":11,"column":19}},"11":{"start":{"line":12,"column":0},"end":{"line":12,"column":4}},"13":{"start":{"line":14,"column":0},"end":{"line":14,"column":52}},"14":{"start":{"line":15,"column":0},"end":{"line":15,"column":32}},"15":{"start":{"line":16,"column":0},"end":{"line":16,"column":5}},"16":{"start":{"line":17,"column":0},"end":{"line":17,"column":4}},"18":{"start":{"line":19,"column":0},"end":{"line":19,"column":85}},"20":{"start":{"line":21,"column":0},"end":{"line":21,"column":28}},"21":{"start":{"line":22,"column":0},"end":{"line":22,"column":6}},"22":{"start":{"line":23,"column":0},"end":{"line":23,"column":51}},"23":{"start":{"line":24,"column":0},"end":{"line":24,"column":4}},"25":{"start":{"line":26,"column":0},"end":{"line":26,"column":10}},"26":{"start":{"line":27,"column":0},"end":{"line":27,"column":36}},"27":{"start":{"line":28,"column":0},"end":{"line":28,"column":39}},"28":{"start":{"line":29,"column":0},"end":{"line":29,"column":57}},"29":{"start":{"line":30,"column":0},"end":{"line":30,"column":12}},"31":{"start":{"line":32,"column":0},"end":{"line":32,"column":34}},"32":{"start":{"line":33,"column":0},"end":{"line":33,"column":32}},"33":{"start":{"line":34,"column":0},"end":{"line":34,"column":66}},"34":{"start":{"line":35,"column":0},"end":{"line":35,"column":68}},"35":{"start":{"line":36,"column":0},"end":{"line":36,"column":14}},"36":{"start":{"line":37,"column":0},"end":{"line":37,"column":32}},"37":{"start":{"line":38,"column":0},"end":{"line":38,"column":43}},"38":{"start":{"line":39,"column":0},"end":{"line":39,"column":43}},"39":{"start":{"line":40,"column":0},"end":{"line":40,"column":19}},"40":{"start":{"line":41,"column":0},"end":{"line":41,"column":72}},"41":{"start":{"line":42,"column":0},"end":{"line":42,"column":14}},"42":{"start":{"line":43,"column":0},"end":{"line":43,"column":12}},"44":{"start":{"line":45,"column":0},"end":{"line":45,"column":28}},"45":{"start":{"line":46,"column":0},"end":{"line":46,"column":32}},"46":{"start":{"line":47,"column":0},"end":{"line":47,"column":46}},"47":{"start":{"line":48,"column":0},"end":{"line":48,"column":83}},"48":{"start":{"line":49,"column":0},"end":{"line":49,"column":38}},"49":{"start":{"line":50,"column":0},"end":{"line":50,"column":18}},"50":{"start":{"line":51,"column":0},"end":{"line":51,"column":52}},"51":{"start":{"line":52,"column":0},"end":{"line":52,"column":61}},"52":{"start":{"line":53,"column":0},"end":{"line":53,"column":73}},"53":{"start":{"line":54,"column":0},"end":{"line":54,"column":41}},"54":{"start":{"line":55,"column":0},"end":{"line":55,"column":77}},"55":{"start":{"line":56,"column":0},"end":{"line":56,"column":20}},"56":{"start":{"line":57,"column":0},"end":{"line":57,"column":50}},"57":{"start":{"line":58,"column":0},"end":{"line":58,"column":18}},"59":{"start":{"line":60,"column":0},"end":{"line":60,"column":11}},"60":{"start":{"line":61,"column":0},"end":{"line":61,"column":12}},"62":{"start":{"line":63,"column":0},"end":{"line":63,"column":36}},"63":{"start":{"line":64,"column":0},"end":{"line":64,"column":128}},"64":{"start":{"line":65,"column":0},"end":{"line":65,"column":12}},"65":{"start":{"line":66,"column":0},"end":{"line":66,"column":12}},"67":{"start":{"line":68,"column":0},"end":{"line":68,"column":1}},"69":{"start":{"line":70,"column":0},"end":{"line":70,"column":41}}},"s":{"0":1,"1":1,"6":35,"7":35,"8":35,"9":35,"10":35,"11":35,"13":35,"14":35,"15":35,"16":35,"18":35,"20":35,"21":35,"22":35,"23":35,"25":35,"26":35,"27":35,"28":35,"29":35,"31":35,"32":35,"33":35,"34":35,"35":35,"36":35,"37":35,"38":35,"39":35,"40":35,"41":35,"42":35,"44":35,"45":35,"46":282,"47":282,"48":282,"49":282,"50":282,"51":282,"52":282,"53":282,"54":282,"55":282,"56":282,"57":282,"59":35,"60":35,"62":35,"63":35,"64":35,"65":35,"67":35,"69":1},"branchMap":{"0":{"type":"branch","line":7,"loc":{"start":{"line":7,"column":0},"end":{"line":68,"column":1}},"locations":[{"start":{"line":7,"column":0},"end":{"line":68,"column":1}}]},"1":{"type":"branch","line":64,"loc":{"start":{"line":64,"column":31},"end":{"line":64,"column":52}},"locations":[{"start":{"line":64,"column":31},"end":{"line":64,"column":52}}]},"2":{"type":"branch","line":64,"loc":{"start":{"line":64,"column":45},"end":{"line":64,"column":58}},"locations":[{"start":{"line":64,"column":45},"end":{"line":64,"column":58}}]},"3":{"type":"branch","line":15,"loc":{"start":{"line":15,"column":4},"end":{"line":15,"column":32}},"locations":[{"start":{"line":15,"column":4},"end":{"line":15,"column":32}}]},"4":{"type":"branch","line":19,"loc":{"start":{"line":19,"column":38},"end":{"line":19,"column":76}},"locations":[{"start":{"line":19,"column":38},"end":{"line":19,"column":76}}]},"5":{"type":"branch","line":19,"loc":{"start":{"line":19,"column":65},"end":{"line":19,"column":75}},"locations":[{"start":{"line":19,"column":65},"end":{"line":19,"column":75}}]},"6":{"type":"branch","line":23,"loc":{"start":{"line":23,"column":18},"end":{"line":23,"column":50}},"locations":[{"start":{"line":23,"column":18},"end":{"line":23,"column":50}}]},"7":{"type":"branch","line":23,"loc":{"start":{"line":23,"column":44},"end":{"line":23,"column":50}},"locations":[{"start":{"line":23,"column":44},"end":{"line":23,"column":50}}]},"8":{"type":"branch","line":46,"loc":{"start":{"line":46,"column":20},"end":{"line":60,"column":9}},"locations":[{"start":{"line":46,"column":20},"end":{"line":60,"column":9}}]},"9":{"type":"branch","line":47,"loc":{"start":{"line":47,"column":39},"end":{"line":47,"column":46}},"locations":[{"start":{"line":47,"column":39},"end":{"line":47,"column":46}}]},"10":{"type":"branch","line":53,"loc":{"start":{"line":53,"column":42},"end":{"line":53,"column":65}},"locations":[{"start":{"line":53,"column":42},"end":{"line":53,"column":65}}]},"11":{"type":"branch","line":53,"loc":{"start":{"line":53,"column":54},"end":{"line":53,"column":67}},"locations":[{"start":{"line":53,"column":54},"end":{"line":53,"column":67}}]},"12":{"type":"branch","line":55,"loc":{"start":{"line":55,"column":48},"end":{"line":55,"column":71}},"locations":[{"start":{"line":55,"column":48},"end":{"line":55,"column":71}}]},"13":{"type":"branch","line":55,"loc":{"start":{"line":55,"column":60},"end":{"line":55,"column":75}},"locations":[{"start":{"line":55,"column":60},"end":{"line":55,"column":75}}]}},"b":{"0":[35],"1":[33],"2":[2],"3":[260],"4":[282],"5":[25],"6":[282],"7":[25],"8":[282],"9":[25],"10":[257],"11":[25],"12":[257],"13":[25]},"fnMap":{"0":{"name":"RenderMonitor","decl":{"start":{"line":7,"column":0},"end":{"line":68,"column":1}},"loc":{"start":{"line":7,"column":0},"end":{"line":68,"column":1}},"line":7}},"f":{"0":35}}
,"C:\\Users\\paart\\OneDrive\\Desktop\\FULL STACK WEB PROJECT LAB\\EXP-4_CALENDAR\\src\\components\\WeekView.jsx": {"path":"C:\\Users\\paart\\OneDrive\\Desktop\\FULL STACK WEB PROJECT LAB\\EXP-4_CALENDAR\\src\\components\\WeekView.jsx","all":false,"statementMap":{"0":{"start":{"line":1,"column":0},"end":{"line":1,"column":39}},"1":{"start":{"line":2,"column":0},"end":{"line":2,"column":36}},"3":{"start":{"line":4,"column":0},"end":{"line":4,"column":19}},"4":{"start":{"line":5,"column":0},"end":{"line":5,"column":9}},"5":{"start":{"line":6,"column":0},"end":{"line":6,"column":14}},"6":{"start":{"line":7,"column":0},"end":{"line":7,"column":18}},"7":{"start":{"line":8,"column":0},"end":{"line":8,"column":14}},"8":{"start":{"line":9,"column":0},"end":{"line":9,"column":9}},"9":{"start":{"line":10,"column":0},"end":{"line":10,"column":12}},"10":{"start":{"line":11,"column":0},"end":{"line":11,"column":12}},"11":{"start":{"line":12,"column":0},"end":{"line":12,"column":7}},"12":{"start":{"line":13,"column":0},"end":{"line":13,"column":22}},"13":{"start":{"line":14,"column":0},"end":{"line":14,"column":13}},"14":{"start":{"line":15,"column":0},"end":{"line":15,"column":4}},"15":{"start":{"line":16,"column":0},"end":{"line":16,"column":33}},"16":{"start":{"line":17,"column":0},"end":{"line":17,"column":38}},"17":{"start":{"line":18,"column":0},"end":{"line":18,"column":62}},"18":{"start":{"line":19,"column":0},"end":{"line":19,"column":33}},"19":{"start":{"line":20,"column":0},"end":{"line":20,"column":60}},"20":{"start":{"line":21,"column":0},"end":{"line":21,"column":6}},"21":{"start":{"line":22,"column":0},"end":{"line":22,"column":18}},"22":{"start":{"line":23,"column":0},"end":{"line":23,"column":21}},"24":{"start":{"line":25,"column":0},"end":{"line":25,"column":10}},"25":{"start":{"line":26,"column":0},"end":{"line":26,"column":31}},"26":{"start":{"line":27,"column":0},"end":{"line":27,"column":36}},"27":{"start":{"line":28,"column":0},"end":{"line":28,"column":12}},"28":{"start":{"line":29,"column":0},"end":{"line":29,"column":76}},"29":{"start":{"line":30,"column":0},"end":{"line":30,"column":19}},"30":{"start":{"line":31,"column":0},"end":{"line":31,"column":48}},"31":{"start":{"line":32,"column":0},"end":{"line":32,"column":41}},"32":{"start":{"line":33,"column":0},"end":{"line":33,"column":41}},"34":{"start":{"line":35,"column":0},"end":{"line":35,"column":38}},"35":{"start":{"line":36,"column":0},"end":{"line":36,"column":30}},"36":{"start":{"line":37,"column":0},"end":{"line":37,"column":16}},"37":{"start":{"line":38,"column":0},"end":{"line":38,"column":39}},"38":{"start":{"line":39,"column":0},"end":{"line":39,"column":57}},"39":{"start":{"line":40,"column":0},"end":{"line":40,"column":24}},"41":{"start":{"line":42,"column":0},"end":{"line":42,"column":55}},"42":{"start":{"line":43,"column":0},"end":{"line":43,"column":29}},"43":{"start":{"line":44,"column":0},"end":{"line":44,"column":41}},"44":{"start":{"line":45,"column":0},"end":{"line":45,"column":49}},"45":{"start":{"line":46,"column":0},"end":{"line":46,"column":41}},"46":{"start":{"line":47,"column":0},"end":{"line":47,"column":37}},"47":{"start":{"line":48,"column":0},"end":{"line":48,"column":41}},"48":{"start":{"line":49,"column":0},"end":{"line":49,"column":16}},"49":{"start":{"line":50,"column":0},"end":{"line":50,"column":15}},"50":{"start":{"line":51,"column":0},"end":{"line":51,"column":16}},"51":{"start":{"line":52,"column":0},"end":{"line":52,"column":14}},"52":{"start":{"line":53,"column":0},"end":{"line":53,"column":9}},"53":{"start":{"line":54,"column":0},"end":{"line":54,"column":10}},"55":{"start":{"line":56,"column":0},"end":{"line":56,"column":1}},"57":{"start":{"line":58,"column":0},"end":{"line":58,"column":36}}},"s":{"0":1,"1":1,"3":21,"4":21,"5":21,"6":21,"7":21,"8":21,"9":21,"10":21,"11":21,"12":21,"13":21,"14":21,"15":21,"16":13,"17":13,"18":13,"19":91,"20":13,"21":13,"22":21,"24":21,"25":21,"26":21,"27":147,"28":147,"29":147,"30":147,"31":147,"32":147,"34":147,"35":147,"36":147,"37":147,"38":147,"39":162,"41":162,"42":162,"43":162,"44":162,"45":162,"46":162,"47":162,"48":162,"49":147,"50":147,"51":147,"52":21,"53":21,"55":21,"57":1},"branchMap":{"0":{"type":"branch","line":4,"loc":{"start":{"line":4,"column":0},"end":{"line":56,"column":1}},"locations":[{"start":{"line":4,"column":0},"end":{"line":56,"column":1}}]},"1":{"type":"branch","line":16,"loc":{"start":{"line":16,"column":26},"end":{"line":23,"column":5}},"locations":[{"start":{"line":16,"column":26},"end":{"line":23,"column":5}}]},"2":{"type":"branch","line":17,"loc":{"start":{"line":17,"column":28},"end":{"line":17,"column":36}},"locations":[{"start":{"line":17,"column":28},"end":{"line":17,"column":36}}]},"3":{"type":"branch","line":18,"loc":{"start":{"line":18,"column":19},"end":{"line":18,"column":60}},"locations":[{"start":{"line":18,"column":19},"end":{"line":18,"column":60}}]},"4":{"type":"branch","line":19,"loc":{"start":{"line":19,"column":19},"end":{"line":20,"column":60}},"locations":[{"start":{"line":19,"column":19},"end":{"line":20,"column":60}}]},"5":{"type":"branch","line":20,"loc":{"start":{"line":20,"column":21},"end":{"line":20,"column":59}},"locations":[{"start":{"line":20,"column":21},"end":{"line":20,"column":59}}]},"6":{"type":"branch","line":27,"loc":{"start":{"line":27,"column":16},"end":{"line":52,"column":14}},"locations":[{"start":{"line":27,"column":16},"end":{"line":52,"column":14}}]},"7":{"type":"branch","line":29,"loc":{"start":{"line":29,"column":49},"end":{"line":29,"column":71}},"locations":[{"start":{"line":29,"column":49},"end":{"line":29,"column":71}}]},"8":{"type":"branch","line":32,"loc":{"start":{"line":32,"column":18},"end":{"line":32,"column":41}},"locations":[{"start":{"line":32,"column":18},"end":{"line":32,"column":41}}]},"9":{"type":"branch","line":39,"loc":{"start":{"line":39,"column":35},"end":{"line":49,"column":16}},"locations":[{"start":{"line":39,"column":35},"end":{"line":49,"column":16}}]},"10":{"type":"branch","line":48,"loc":{"start":{"line":48,"column":16},"end":{"line":48,"column":41}},"locations":[{"start":{"line":48,"column":16},"end":{"line":48,"column":41}}]},"11":{"type":"branch","line":48,"loc":{"start":{"line":48,"column":16},"end":{"line":48,"column":41}},"locations":[{"start":{"line":48,"column":16},"end":{"line":48,"column":41}}]}},"b":{"0":[21],"1":[13],"2":[91],"3":[98],"4":[91],"5":[15],"6":[147],"7":[0],"8":[1],"9":[162],"10":[8],"11":[154]},"fnMap":{"0":{"name":"WeekView","decl":{"start":{"line":4,"column":0},"end":{"line":56,"column":1}},"loc":{"start":{"line":4,"column":0},"end":{"line":56,"column":1}},"line":4},"1":{"name":"onDragOver","decl":{"start":{"line":31,"column":22},"end":{"line":31,"column":48}},"loc":{"start":{"line":31,"column":22},"end":{"line":31,"column":48}},"line":31},"2":{"name":"onDrop","decl":{"start":{"line":32,"column":18},"end":{"line":32,"column":41}},"loc":{"start":{"line":32,"column":18},"end":{"line":32,"column":41}},"line":32}},"f":{"0":21,"1":0,"2":1}}
,"C:\\Users\\paart\\OneDrive\\Desktop\\FULL STACK WEB PROJECT LAB\\EXP-4_CALENDAR\\src\\mocks\\handlers.js": {"path":"C:\\Users\\paart\\OneDrive\\Desktop\\FULL STACK WEB PROJECT LAB\\EXP-4_CALENDAR\\src\\mocks\\handlers.js","all":false,"statementMap":{"0":{"start":{"line":1,"column":0},"end":{"line":1,"column":74}},"2":{"start":{"line":3,"column":0},"end":{"line":3,"column":76}},"3":{"start":{"line":4,"column":0},"end":{"line":4,"column":25}},"4":{"start":{"line":5,"column":0},"end":{"line":5,"column":33}},"5":{"start":{"line":6,"column":0},"end":{"line":6,"column":30}},"6":{"start":{"line":7,"column":0},"end":{"line":7,"column":87}},"7":{"start":{"line":8,"column":0},"end":{"line":8,"column":82}},"8":{"start":{"line":9,"column":0},"end":{"line":9,"column":83}},"9":{"start":{"line":10,"column":0},"end":{"line":10,"column":88}},"10":{"start":{"line":11,"column":0},"end":{"line":11,"column":89}},"11":{"start":{"line":12,"column":0},"end":{"line":12,"column":83}},"12":{"start":{"line":13,"column":0},"end":{"line":13,"column":87}},"13":{"start":{"line":14,"column":0},"end":{"line":14,"column":90}},"14":{"start":{"line":15,"column":0},"end":{"line":15,"column":7}},"15":{"start":{"line":16,"column":0},"end":{"line":16,"column":4}},"16":{"start":{"line":17,"column":0},"end":{"line":17,"column":2}}},"s":{"0":1,"2":1,"3":1,"4":1,"5":1,"6":1,"7":1,"8":1,"9":1,"10":1,"11":1,"12":1,"13":1,"14":1,"15":1,"16":1},"branchMap":{"0":{"type":"branch","line":5,"loc":{"start":{"line":5,"column":26},"end":{"line":16,"column":3}},"locations":[{"start":{"line":5,"column":26},"end":{"line":16,"column":3}}]}},"b":{"0":[1]},"fnMap":{},"f":{}}
,"C:\\Users\\paart\\OneDrive\\Desktop\\FULL STACK WEB PROJECT LAB\\EXP-4_CALENDAR\\src\\mocks\\server.js": {"path":"C:\\Users\\paart\\OneDrive\\Desktop\\FULL STACK WEB PROJECT LAB\\EXP-4_CALENDAR\\src\\mocks\\server.js","all":false,"statementMap":{"0":{"start":{"line":1,"column":0},"end":{"line":1,"column":67}},"1":{"start":{"line":2,"column":0},"end":{"line":2,"column":50}},"3":{"start":{"line":4,"column":0},"end":{"line":4,"column":50}},"4":{"start":{"line":5,"column":0},"end":{"line":5,"column":47}}},"s":{"0":1,"1":1,"3":1,"4":1},"branchMap":{},"b":{},"fnMap":{},"f":{}}
}
